#
# A fatal error has been detected by the Java Runtime Environment:
#
#  EXCEPTION_ACCESS_VIOLATION (0xc0000005) at pc=0x00000000040aa6d6, pid=9140, tid=0x0000000000000afc
#
# JRE version: Java(TM) SE Runtime Environment (8.0_221-b11) (build 1.8.0_221-b11)
# Java VM: Java HotSpot(TM) 64-Bit Server VM (25.221-b11 mixed mode windows-amd64 compressed oops)
# Problematic frame:
# J 6021 C1 org.eclipse.jdt.internal.core.builder.ClasspathJar.cleanup()V (310 bytes) @ 0x00000000040aa6d6 [0x00000000040aa540+0x196]
#
# Failed to write core dump. Minidumps are not enabled by default on client versions of Windows
#
# If you would like to submit a bug report, please visit:
#   http://bugreport.java.com/bugreport/crash.jsp
#

---------------  T H R E A D  ---------------

Current thread (0x000000001b101000):  JavaThread "Worker-0: Building" [_thread_in_Java, id=2812, stack(0x000000001c600000,0x000000001c700000)]

siginfo: ExceptionCode=0xc0000005, reading address 0x00000000e0e92588

Registers:
RAX=0x000000001fb4b260, RBX=0x00000000187824a8, RCX=0x0000000000000000, RDX=0x00000000c0e923d8
RSP=0x000000001c6fe830, RBP=0x000000001c6fe9d0, RSI=0x00000000d6a5c9f0, RDI=0x00000000039ed994
R8 =0x0000000000000000, R9 =0x00000000c1e06818, R10=0x0000000000000000, R11=0x000000001c6fe730
R12=0x0000000000000000, R13=0x00000000187824a8, R14=0x000000001c6fe720, R15=0x000000001b101000
RIP=0x00000000040aa6d6, EFLAGS=0x0000000000010246

Top of Stack: (sp=0x000000001c6fe830)
0x000000001c6fe830:   0000000000000000 00000000c0e05828
0x000000001c6fe840:   00000000d6af73f8 00000000c1f60028
0x000000001c6fe850:   00000000c0e13eb8 000000001c6fe858
0x000000001c6fe860:   000000001c40fc3e 000000001c6fe8d0
0x000000001c6fe870:   000000001c411be0 0000000000000000
0x000000001c6fe880:   000000001c40fc98 0000000000000000
0x000000001c6fe890:   000000001c6fe8a8 000000001c6fe918
0x000000001c6fe8a0:   000000000333835d 0000000000000000
0x000000001c6fe8b0:   000000001c6fe918 00000000d6a1f3a0
0x000000001c6fe8c0:   00000000d6af73f8 0000000003337b30
0x000000001c6fe8d0:   00000000c54c6230 000000001c6fe8d8
0x000000001c6fe8e0:   000000001c40fb16 000000001c6fe950
0x000000001c6fe8f0:   000000001c411be0 0000000000000000
0x000000001c6fe900:   000000001c40fb88 0000000000000000
0x000000001c6fe910:   000000001c6fe930 000000001c6fe998
0x000000001c6fe920:   00000000033380e0 00000000d6af73f8 

Instructions: (pc=0x00000000040aa6d6)
0x00000000040aa6b6:   48 8b d6 90 90 90 90 48 b8 a8 e2 03 00 01 00 00
0x00000000040aa6c6:   00 e8 14 1e 94 ff 48 ba d8 23 e9 c0 00 00 00 00
0x00000000040aa6d6:   0f be 92 b0 01 00 20 83 fa 00 48 ba 80 ae bf 24
0x00000000040aa6e6:   00 00 00 00 48 be 78 01 00 00 00 00 00 00 0f 84 


Register to memory mapping:

RAX=0x000000001fb4b260 is pointing into metadata
RBX={method} {0x00000000187824b0} 'close' '(J)V' in 'java/util/zip/ZipFile'
RCX=0x0000000000000000 is an unknown value
RDX=0x00000000c0e923d8 is an oop
java.lang.Class 
 - klass: 'java/lang/Class'
RSP=0x000000001c6fe830 is pointing into the stack for thread: 0x000000001b101000
RBP=0x000000001c6fe9d0 is pointing into the stack for thread: 0x000000001b101000
RSI=
[error occurred during error reporting (printing register info), id 0xc0000005]

Stack: [0x000000001c600000,0x000000001c700000],  sp=0x000000001c6fe830,  free space=1018k
Native frames: (J=compiled Java code, j=interpreted, Vv=VM code, C=native code)
C  0x00000000040aa6d6


---------------  P R O C E S S  ---------------

Java Threads: ( => current thread )
  0x000000001d513800 JavaThread "ForkJoinPool.commonPool-worker-2" daemon [_thread_blocked, id=7576, stack(0x0000000022800000,0x0000000022900000)]
  0x000000001d510800 JavaThread "ForkJoinPool.commonPool-worker-1" daemon [_thread_blocked, id=8120, stack(0x0000000021400000,0x0000000021500000)]
  0x000000001d513000 JavaThread "ForkJoinPool.commonPool-worker-3" daemon [_thread_blocked, id=11608, stack(0x00000000224e0000,0x00000000225e0000)]
  0x000000001d510000 JavaThread "Worker-4" [_thread_blocked, id=4056, stack(0x0000000020f00000,0x0000000021000000)]
  0x000000001d333800 JavaThread "Worker-3" [_thread_blocked, id=6280, stack(0x000000001fc40000,0x000000001fd40000)]
  0x000000001b4f0800 JavaThread "Worker-2" [_thread_blocked, id=8396, stack(0x000000001fe30000,0x000000001ff30000)]
  0x000000001910f800 JavaThread "pool-1-thread-1" [_thread_in_native, id=5876, stack(0x000000001f740000,0x000000001f840000)]
  0x000000001b216800 JavaThread "Java indexing" daemon [_thread_blocked, id=10432, stack(0x000000001cc00000,0x000000001cd00000)]
  0x000000001b12e800 JavaThread "Worker-1" [_thread_blocked, id=544, stack(0x000000001c700000,0x000000001c800000)]
=>0x000000001b101000 JavaThread "Worker-0: Building" [_thread_in_Java, id=2812, stack(0x000000001c600000,0x000000001c700000)]
  0x000000001b0bb800 JavaThread "Worker-JM" [_thread_blocked, id=10436, stack(0x000000001c300000,0x000000001c400000)]
  0x000000001b07d000 JavaThread "Bundle File Closer" daemon [_thread_blocked, id=6868, stack(0x000000001bcd0000,0x000000001bdd0000)]
  0x000000001a696000 JavaThread "Start Level: Equinox Container: 6eb931f5-cf99-47c9-97cb-7409027fe22a" daemon [_thread_blocked, id=6572, stack(0x000000001bbd0000,0x000000001bcd0000)]
  0x000000001a695800 JavaThread "Framework Event Dispatcher: Equinox Container: 6eb931f5-cf99-47c9-97cb-7409027fe22a" daemon [_thread_blocked, id=6576, stack(0x000000001bad0000,0x000000001bbd0000)]
  0x000000001a21c800 JavaThread "Active Thread: Equinox Container: 6eb931f5-cf99-47c9-97cb-7409027fe22a" [_thread_blocked, id=7872, stack(0x000000001b9d0000,0x000000001bad0000)]
  0x0000000018f49800 JavaThread "Service Thread" daemon [_thread_blocked, id=5480, stack(0x0000000019b80000,0x0000000019c80000)]
  0x0000000018ecb800 JavaThread "C1 CompilerThread2" daemon [_thread_blocked, id=8160, stack(0x0000000019a80000,0x0000000019b80000)]
  0x0000000018eca000 JavaThread "C2 CompilerThread1" daemon [_thread_blocked, id=2216, stack(0x0000000019980000,0x0000000019a80000)]
  0x0000000018ec9800 JavaThread "C2 CompilerThread0" daemon [_thread_blocked, id=3968, stack(0x0000000019880000,0x0000000019980000)]
  0x0000000018ec8800 JavaThread "Attach Listener" daemon [_thread_blocked, id=2664, stack(0x0000000019780000,0x0000000019880000)]
  0x0000000018ec5800 JavaThread "Signal Dispatcher" daemon [_thread_blocked, id=8208, stack(0x0000000019680000,0x0000000019780000)]
  0x0000000018ec2800 JavaThread "Surrogate Locker Thread (Concurrent GC)" daemon [_thread_blocked, id=12196, stack(0x0000000019580000,0x0000000019680000)]
  0x0000000018e53800 JavaThread "Finalizer" daemon [_thread_blocked, id=2024, stack(0x0000000019380000,0x0000000019480000)]
  0x0000000018e4d800 JavaThread "Reference Handler" daemon [_thread_blocked, id=12752, stack(0x0000000019280000,0x0000000019380000)]
  0x0000000003232800 JavaThread "main" [_thread_blocked, id=6820, stack(0x00000000030c0000,0x00000000031c0000)]

Other Threads:
  0x0000000018e4a000 VMThread [stack: 0x0000000019180000,0x0000000019280000] [id=2120]
  0x0000000018f38800 WatcherThread [stack: 0x0000000019c80000,0x0000000019d80000] [id=1316]

VM state:not at safepoint (normal execution)

VM Mutex/Monitor currently owned by a thread: None

heap address: 0x00000000c0000000, size: 1024 MB, Compressed Oops mode: 32-bit
Narrow klass base: 0x0000000000000000, Narrow klass shift: 3
Compressed class space size: 1073741824 Address: 0x0000000100000000

Heap:
 garbage-first heap   total 502784K, used 328360K [0x00000000c0000000, 0x00000000c0100f58, 0x0000000100000000)
  region size 1024K, 159 young (162816K), 30 survivors (30720K)
 Metaspace       used 49252K, capacity 52268K, committed 52556K, reserved 1095680K
  class space    used 5180K, capacity 6098K, committed 6220K, reserved 1048576K

Heap Regions: (Y=young(eden), SU=young(survivor), HS=humongous(starts), HC=humongous(continues), CS=collection set, F=free, TS=gc time stamp, PTAMS=previous top-at-mark-start, NTAMS=next top-at-mark-start)
AC   0  O    TS     0 PTAMS 0x00000000c0100000 NTAMS 0x00000000c0100000 space 1024K, 100% used [0x00000000c0000000, 0x00000000c0100000)
AC   0  O    TS     0 PTAMS 0x00000000c0200000 NTAMS 0x00000000c0200000 space 1024K, 100% used [0x00000000c0100000, 0x00000000c0200000)
AC   0  O    TS     0 PTAMS 0x00000000c0300000 NTAMS 0x00000000c0300000 space 1024K, 100% used [0x00000000c0200000, 0x00000000c0300000)
AC   0 HS    TS     0 PTAMS 0x00000000c0380010 NTAMS 0x00000000c0380010 space 1024K,  50% used [0x00000000c0300000, 0x00000000c0400000)
AC   0  O    TS     0 PTAMS 0x00000000c0500000 NTAMS 0x00000000c0500000 space 1024K, 100% used [0x00000000c0400000, 0x00000000c0500000)
AC   0  O    TS     0 PTAMS 0x00000000c0600000 NTAMS 0x00000000c0600000 space 1024K, 100% used [0x00000000c0500000, 0x00000000c0600000)
AC   0  O    TS     0 PTAMS 0x00000000c0700000 NTAMS 0x00000000c0700000 space 1024K, 100% used [0x00000000c0600000, 0x00000000c0700000)
AC   0  O    TS     0 PTAMS 0x00000000c0800000 NTAMS 0x00000000c0800000 space 1024K, 100% used [0x00000000c0700000, 0x00000000c0800000)
AC   0  O    TS     0 PTAMS 0x00000000c0900000 NTAMS 0x00000000c0900000 space 1024K, 100% used [0x00000000c0800000, 0x00000000c0900000)
AC   0  O    TS     0 PTAMS 0x00000000c0a00000 NTAMS 0x00000000c0a00000 space 1024K, 100% used [0x00000000c0900000, 0x00000000c0a00000)
AC   0  O    TS     0 PTAMS 0x00000000c0b00000 NTAMS 0x00000000c0b00000 space 1024K, 100% used [0x00000000c0a00000, 0x00000000c0b00000)
AC   0  O    TS     0 PTAMS 0x00000000c0c00000 NTAMS 0x00000000c0c00000 space 1024K, 100% used [0x00000000c0b00000, 0x00000000c0c00000)
AC   0  O    TS     0 PTAMS 0x00000000c0d00000 NTAMS 0x00000000c0d00000 space 1024K, 100% used [0x00000000c0c00000, 0x00000000c0d00000)
AC   0  O    TS     0 PTAMS 0x00000000c0e00000 NTAMS 0x00000000c0e00000 space 1024K, 100% used [0x00000000c0d00000, 0x00000000c0e00000)
AC   0  O    TS     0 PTAMS 0x00000000c0f00000 NTAMS 0x00000000c0f00000 space 1024K, 100% used [0x00000000c0e00000, 0x00000000c0f00000)
AC   0  O    TS     0 PTAMS 0x00000000c1000000 NTAMS 0x00000000c1000000 space 1024K, 100% used [0x00000000c0f00000, 0x00000000c1000000)
AC   0  O    TS     0 PTAMS 0x00000000c1100000 NTAMS 0x00000000c1100000 space 1024K, 100% used [0x00000000c1000000, 0x00000000c1100000)
AC   0  O    TS     0 PTAMS 0x00000000c1200000 NTAMS 0x00000000c1200000 space 1024K, 100% used [0x00000000c1100000, 0x00000000c1200000)
AC   0  O    TS     0 PTAMS 0x00000000c1300000 NTAMS 0x00000000c1300000 space 1024K, 100% used [0x00000000c1200000, 0x00000000c1300000)
AC   0  O    TS     0 PTAMS 0x00000000c1400000 NTAMS 0x00000000c1400000 space 1024K, 100% used [0x00000000c1300000, 0x00000000c1400000)
AC   0  O    TS     0 PTAMS 0x00000000c1500000 NTAMS 0x00000000c1500000 space 1024K, 100% used [0x00000000c1400000, 0x00000000c1500000)
AC   0  O    TS     0 PTAMS 0x00000000c1600000 NTAMS 0x00000000c1600000 space 1024K, 100% used [0x00000000c1500000, 0x00000000c1600000)
AC   0  O    TS     0 PTAMS 0x00000000c1700000 NTAMS 0x00000000c1700000 space 1024K, 100% used [0x00000000c1600000, 0x00000000c1700000)
AC   0  O    TS     0 PTAMS 0x00000000c1800000 NTAMS 0x00000000c1800000 space 1024K, 100% used [0x00000000c1700000, 0x00000000c1800000)
AC   0  O    TS     0 PTAMS 0x00000000c1900000 NTAMS 0x00000000c1900000 space 1024K, 100% used [0x00000000c1800000, 0x00000000c1900000)
AC   0  O    TS     0 PTAMS 0x00000000c1a00000 NTAMS 0x00000000c1a00000 space 1024K, 100% used [0x00000000c1900000, 0x00000000c1a00000)
AC   0  O    TS     0 PTAMS 0x00000000c1b00000 NTAMS 0x00000000c1b00000 space 1024K, 100% used [0x00000000c1a00000, 0x00000000c1b00000)
AC   0 HS    TS     0 PTAMS 0x00000000c1cb0008 NTAMS 0x00000000c1cb0008 space 2048K,  84% used [0x00000000c1b00000, 0x00000000c1d00000)
AC   0 HC    TS     0 PTAMS 0x00000000c1c00000 NTAMS 0x00000000c1c00000 space 1024K,  68% used [0x00000000c1c00000, 0x00000000c1d00000)
AC   0  O    TS     0 PTAMS 0x00000000c1e00000 NTAMS 0x00000000c1e00000 space 1024K, 100% used [0x00000000c1d00000, 0x00000000c1e00000)
AC   0  O    TS     0 PTAMS 0x00000000c1f00000 NTAMS 0x00000000c1f00000 space 1024K, 100% used [0x00000000c1e00000, 0x00000000c1f00000)
AC   0  O    TS     0 PTAMS 0x00000000c2000000 NTAMS 0x00000000c2000000 space 1024K, 100% used [0x00000000c1f00000, 0x00000000c2000000)
AC   0  O    TS     0 PTAMS 0x00000000c2100000 NTAMS 0x00000000c2100000 space 1024K, 100% used [0x00000000c2000000, 0x00000000c2100000)
AC   0  O    TS     0 PTAMS 0x00000000c2200000 NTAMS 0x00000000c2200000 space 1024K, 100% used [0x00000000c2100000, 0x00000000c2200000)
AC   0  O    TS     0 PTAMS 0x00000000c2300000 NTAMS 0x00000000c2300000 space 1024K, 100% used [0x00000000c2200000, 0x00000000c2300000)
AC   0  O    TS     0 PTAMS 0x00000000c2400000 NTAMS 0x00000000c2400000 space 1024K, 100% used [0x00000000c2300000, 0x00000000c2400000)
AC   0  O    TS     0 PTAMS 0x00000000c2500000 NTAMS 0x00000000c2500000 space 1024K, 100% used [0x00000000c2400000, 0x00000000c2500000)
AC   0  O    TS     0 PTAMS 0x00000000c2600000 NTAMS 0x00000000c2600000 space 1024K, 100% used [0x00000000c2500000, 0x00000000c2600000)
AC   0  O    TS     0 PTAMS 0x00000000c2700000 NTAMS 0x00000000c2700000 space 1024K, 100% used [0x00000000c2600000, 0x00000000c2700000)
AC   0  O    TS     0 PTAMS 0x00000000c2800000 NTAMS 0x00000000c2800000 space 1024K, 100% used [0x00000000c2700000, 0x00000000c2800000)
AC   0  O    TS     0 PTAMS 0x00000000c2900000 NTAMS 0x00000000c2900000 space 1024K, 100% used [0x00000000c2800000, 0x00000000c2900000)
AC   0  O    TS     0 PTAMS 0x00000000c2a00000 NTAMS 0x00000000c2a00000 space 1024K, 100% used [0x00000000c2900000, 0x00000000c2a00000)
AC   0  O    TS     0 PTAMS 0x00000000c2b00000 NTAMS 0x00000000c2b00000 space 1024K, 100% used [0x00000000c2a00000, 0x00000000c2b00000)
AC   0  O    TS     0 PTAMS 0x00000000c2c00000 NTAMS 0x00000000c2c00000 space 1024K, 100% used [0x00000000c2b00000, 0x00000000c2c00000)
AC   0  O    TS     0 PTAMS 0x00000000c2d00000 NTAMS 0x00000000c2d00000 space 1024K, 100% used [0x00000000c2c00000, 0x00000000c2d00000)
AC   0  O    TS     0 PTAMS 0x00000000c2e00000 NTAMS 0x00000000c2e00000 space 1024K, 100% used [0x00000000c2d00000, 0x00000000c2e00000)
AC   0  O    TS     0 PTAMS 0x00000000c2f00000 NTAMS 0x00000000c2f00000 space 1024K, 100% used [0x00000000c2e00000, 0x00000000c2f00000)
AC   0  O    TS     0 PTAMS 0x00000000c3000000 NTAMS 0x00000000c3000000 space 1024K, 100% used [0x00000000c2f00000, 0x00000000c3000000)
AC   0  O    TS     0 PTAMS 0x00000000c3100000 NTAMS 0x00000000c3100000 space 1024K, 100% used [0x00000000c3000000, 0x00000000c3100000)
AC   0  O    TS     0 PTAMS 0x00000000c3200000 NTAMS 0x00000000c3200000 space 1024K, 100% used [0x00000000c3100000, 0x00000000c3200000)
AC   0  O    TS     0 PTAMS 0x00000000c3300000 NTAMS 0x00000000c3300000 space 1024K, 100% used [0x00000000c3200000, 0x00000000c3300000)
AC   0  O    TS     0 PTAMS 0x00000000c3400000 NTAMS 0x00000000c3400000 space 1024K, 100% used [0x00000000c3300000, 0x00000000c3400000)
AC   0  O    TS     0 PTAMS 0x00000000c3500000 NTAMS 0x00000000c3500000 space 1024K, 100% used [0x00000000c3400000, 0x00000000c3500000)
AC   0  O    TS     0 PTAMS 0x00000000c3600000 NTAMS 0x00000000c3600000 space 1024K, 100% used [0x00000000c3500000, 0x00000000c3600000)
AC   0  O    TS     0 PTAMS 0x00000000c3700000 NTAMS 0x00000000c3700000 space 1024K, 100% used [0x00000000c3600000, 0x00000000c3700000)
AC   0  O    TS     0 PTAMS 0x00000000c3800000 NTAMS 0x00000000c3800000 space 1024K, 100% used [0x00000000c3700000, 0x00000000c3800000)
AC   0  O    TS     0 PTAMS 0x00000000c3900000 NTAMS 0x00000000c3900000 space 1024K, 100% used [0x00000000c3800000, 0x00000000c3900000)
AC   0  O    TS     0 PTAMS 0x00000000c3a00000 NTAMS 0x00000000c3a00000 space 1024K, 100% used [0x00000000c3900000, 0x00000000c3a00000)
AC   0  O    TS     0 PTAMS 0x00000000c3b00000 NTAMS 0x00000000c3b00000 space 1024K, 100% used [0x00000000c3a00000, 0x00000000c3b00000)
AC   0  O    TS     0 PTAMS 0x00000000c3c00000 NTAMS 0x00000000c3c00000 space 1024K, 100% used [0x00000000c3b00000, 0x00000000c3c00000)
AC   0  O    TS     0 PTAMS 0x00000000c3d00000 NTAMS 0x00000000c3d00000 space 1024K, 100% used [0x00000000c3c00000, 0x00000000c3d00000)
AC   0  O    TS     0 PTAMS 0x00000000c3e00000 NTAMS 0x00000000c3e00000 space 1024K, 100% used [0x00000000c3d00000, 0x00000000c3e00000)
AC   0  O    TS     0 PTAMS 0x00000000c3f00000 NTAMS 0x00000000c3f00000 space 1024K, 100% used [0x00000000c3e00000, 0x00000000c3f00000)
AC   0  O    TS     0 PTAMS 0x00000000c4000000 NTAMS 0x00000000c4000000 space 1024K, 100% used [0x00000000c3f00000, 0x00000000c4000000)
AC   0  O    TS     0 PTAMS 0x00000000c4100000 NTAMS 0x00000000c4100000 space 1024K, 100% used [0x00000000c4000000, 0x00000000c4100000)
AC   0  O    TS     0 PTAMS 0x00000000c4200000 NTAMS 0x00000000c4200000 space 1024K, 100% used [0x00000000c4100000, 0x00000000c4200000)
AC   0  O    TS     0 PTAMS 0x00000000c4300000 NTAMS 0x00000000c4300000 space 1024K, 100% used [0x00000000c4200000, 0x00000000c4300000)
AC   0  O    TS     0 PTAMS 0x00000000c4400000 NTAMS 0x00000000c4400000 space 1024K, 100% used [0x00000000c4300000, 0x00000000c4400000)
AC   0  O    TS     0 PTAMS 0x00000000c4500000 NTAMS 0x00000000c4500000 space 1024K, 100% used [0x00000000c4400000, 0x00000000c4500000)
AC   0  O    TS     0 PTAMS 0x00000000c4600000 NTAMS 0x00000000c4600000 space 1024K, 100% used [0x00000000c4500000, 0x00000000c4600000)
AC   0  O    TS     0 PTAMS 0x00000000c4700000 NTAMS 0x00000000c4700000 space 1024K, 100% used [0x00000000c4600000, 0x00000000c4700000)
AC   0  O    TS     0 PTAMS 0x00000000c4800000 NTAMS 0x00000000c4800000 space 1024K, 100% used [0x00000000c4700000, 0x00000000c4800000)
AC   0  O    TS     0 PTAMS 0x00000000c4900000 NTAMS 0x00000000c4900000 space 1024K, 100% used [0x00000000c4800000, 0x00000000c4900000)
AC   0  O    TS     0 PTAMS 0x00000000c4a00000 NTAMS 0x00000000c4a00000 space 1024K, 100% used [0x00000000c4900000, 0x00000000c4a00000)
AC   0  O    TS     0 PTAMS 0x00000000c4b00000 NTAMS 0x00000000c4b00000 space 1024K, 100% used [0x00000000c4a00000, 0x00000000c4b00000)
AC   0  O    TS     0 PTAMS 0x00000000c4c00000 NTAMS 0x00000000c4c00000 space 1024K, 100% used [0x00000000c4b00000, 0x00000000c4c00000)
AC   0  O    TS     0 PTAMS 0x00000000c4d00000 NTAMS 0x00000000c4d00000 space 1024K, 100% used [0x00000000c4c00000, 0x00000000c4d00000)
AC   0  O    TS     0 PTAMS 0x00000000c4e00000 NTAMS 0x00000000c4e00000 space 1024K, 100% used [0x00000000c4d00000, 0x00000000c4e00000)
AC   0  O    TS     0 PTAMS 0x00000000c4f00000 NTAMS 0x00000000c4f00000 space 1024K, 100% used [0x00000000c4e00000, 0x00000000c4f00000)
AC   0  O    TS     0 PTAMS 0x00000000c5000000 NTAMS 0x00000000c5000000 space 1024K, 100% used [0x00000000c4f00000, 0x00000000c5000000)
AC   0  O    TS     0 PTAMS 0x00000000c5100000 NTAMS 0x00000000c5100000 space 1024K, 100% used [0x00000000c5000000, 0x00000000c5100000)
AC   0  O    TS     0 PTAMS 0x00000000c5200000 NTAMS 0x00000000c5200000 space 1024K, 100% used [0x00000000c5100000, 0x00000000c5200000)
AC   0  O    TS     0 PTAMS 0x00000000c5300000 NTAMS 0x00000000c5300000 space 1024K, 100% used [0x00000000c5200000, 0x00000000c5300000)
AC   0  O    TS     0 PTAMS 0x00000000c5400000 NTAMS 0x00000000c5400000 space 1024K, 100% used [0x00000000c5300000, 0x00000000c5400000)
AC   0  O    TS     0 PTAMS 0x00000000c5500000 NTAMS 0x00000000c5500000 space 1024K, 100% used [0x00000000c5400000, 0x00000000c5500000)
AC   0  O    TS     0 PTAMS 0x00000000c5600000 NTAMS 0x00000000c5600000 space 1024K, 100% used [0x00000000c5500000, 0x00000000c5600000)
AC   0  O    TS     0 PTAMS 0x00000000c5700000 NTAMS 0x00000000c5700000 space 1024K, 100% used [0x00000000c5600000, 0x00000000c5700000)
AC   0  O    TS     0 PTAMS 0x00000000c5800000 NTAMS 0x00000000c5800000 space 1024K, 100% used [0x00000000c5700000, 0x00000000c5800000)
AC   0  O    TS     0 PTAMS 0x00000000c5900000 NTAMS 0x00000000c5900000 space 1024K, 100% used [0x00000000c5800000, 0x00000000c5900000)
AC   0  O    TS     0 PTAMS 0x00000000c5a00000 NTAMS 0x00000000c5a00000 space 1024K, 100% used [0x00000000c5900000, 0x00000000c5a00000)
AC   0  O    TS     0 PTAMS 0x00000000c5b00000 NTAMS 0x00000000c5b00000 space 1024K, 100% used [0x00000000c5a00000, 0x00000000c5b00000)
AC   0  O    TS     0 PTAMS 0x00000000c5b80008 NTAMS 0x00000000c5b80008 space 1024K, 100% used [0x00000000c5b00000, 0x00000000c5c00000)
AC   0  O    TS     0 PTAMS 0x00000000c5c00000 NTAMS 0x00000000c5c00000 space 1024K, 100% used [0x00000000c5c00000, 0x00000000c5d00000)
AC   0  O    TS     0 PTAMS 0x00000000c5e00000 NTAMS 0x00000000c5e00000 space 1024K, 100% used [0x00000000c5d00000, 0x00000000c5e00000)
AC   0  O    TS     0 PTAMS 0x00000000c5f00000 NTAMS 0x00000000c5f00000 space 1024K, 100% used [0x00000000c5e00000, 0x00000000c5f00000)
AC   0  O    TS     0 PTAMS 0x00000000c6000000 NTAMS 0x00000000c6000000 space 1024K, 100% used [0x00000000c5f00000, 0x00000000c6000000)
AC   0  O    TS     0 PTAMS 0x00000000c6100000 NTAMS 0x00000000c6100000 space 1024K, 100% used [0x00000000c6000000, 0x00000000c6100000)
AC   0  O    TS     0 PTAMS 0x00000000c6200000 NTAMS 0x00000000c6200000 space 1024K, 100% used [0x00000000c6100000, 0x00000000c6200000)
AC   0  O    TS     0 PTAMS 0x00000000c6300000 NTAMS 0x00000000c6300000 space 1024K, 100% used [0x00000000c6200000, 0x00000000c6300000)
AC   0  O    TS     0 PTAMS 0x00000000c6300000 NTAMS 0x00000000c6300000 space 1024K, 100% used [0x00000000c6300000, 0x00000000c6400000)
AC   0  O    TS     0 PTAMS 0x00000000c6400000 NTAMS 0x00000000c6400000 space 1024K, 100% used [0x00000000c6400000, 0x00000000c6500000)
AC   0  O    TS     0 PTAMS 0x00000000c6600000 NTAMS 0x00000000c6600000 space 1024K, 100% used [0x00000000c6500000, 0x00000000c6600000)
AC   0  O    TS     0 PTAMS 0x00000000c6700000 NTAMS 0x00000000c6700000 space 1024K, 100% used [0x00000000c6600000, 0x00000000c6700000)
AC   0  O    TS     0 PTAMS 0x00000000c6700000 NTAMS 0x00000000c6700000 space 1024K, 100% used [0x00000000c6700000, 0x00000000c6800000)
AC   0  O    TS     0 PTAMS 0x00000000c6900000 NTAMS 0x00000000c6900000 space 1024K, 100% used [0x00000000c6800000, 0x00000000c6900000)
AC   0 HS    TS     0 PTAMS 0x00000000c6900000 NTAMS 0x00000000c6900000 space 4096K,  84% used [0x00000000c6900000, 0x00000000c6d00000)
AC   0 HC    TS     0 PTAMS 0x00000000c6a00000 NTAMS 0x00000000c6a00000 space 1024K, 100% used [0x00000000c6a00000, 0x00000000c6b00000)
AC   0 HC    TS     0 PTAMS 0x00000000c6b00000 NTAMS 0x00000000c6b00000 space 1024K, 100% used [0x00000000c6b00000, 0x00000000c6c00000)
AC   0 HC    TS     0 PTAMS 0x00000000c6c00000 NTAMS 0x00000000c6c00000 space 1024K,  37% used [0x00000000c6c00000, 0x00000000c6d00000)
AC   0  O    TS     0 PTAMS 0x00000000c6d00000 NTAMS 0x00000000c6d00000 space 1024K, 100% used [0x00000000c6d00000, 0x00000000c6e00000)
AC   0  O    TS     0 PTAMS 0x00000000c6f00000 NTAMS 0x00000000c6f00000 space 1024K, 100% used [0x00000000c6e00000, 0x00000000c6f00000)
AC   0  O    TS     0 PTAMS 0x00000000c6f00000 NTAMS 0x00000000c6f00000 space 1024K, 100% used [0x00000000c6f00000, 0x00000000c7000000)
AC   0  O    TS     0 PTAMS 0x00000000c7100000 NTAMS 0x00000000c7100000 space 1024K, 100% used [0x00000000c7000000, 0x00000000c7100000)
AC   0  O    TS     0 PTAMS 0x00000000c7200000 NTAMS 0x00000000c7200000 space 1024K, 100% used [0x00000000c7100000, 0x00000000c7200000)
AC   0  O    TS     0 PTAMS 0x00000000c7300000 NTAMS 0x00000000c7300000 space 1024K, 100% used [0x00000000c7200000, 0x00000000c7300000)
AC   0  O    TS     0 PTAMS 0x00000000c7400000 NTAMS 0x00000000c7400000 space 1024K, 100% used [0x00000000c7300000, 0x00000000c7400000)
AC   0  O    TS     0 PTAMS 0x00000000c7500000 NTAMS 0x00000000c7500000 space 1024K, 100% used [0x00000000c7400000, 0x00000000c7500000)
AC   0  O    TS     0 PTAMS 0x00000000c7600000 NTAMS 0x00000000c7600000 space 1024K, 100% used [0x00000000c7500000, 0x00000000c7600000)
AC   0  O    TS     0 PTAMS 0x00000000c7700000 NTAMS 0x00000000c7700000 space 1024K, 100% used [0x00000000c7600000, 0x00000000c7700000)
AC   0  O    TS     0 PTAMS 0x00000000c7800000 NTAMS 0x00000000c7800000 space 1024K, 100% used [0x00000000c7700000, 0x00000000c7800000)
AC   0  O    TS     0 PTAMS 0x00000000c7900000 NTAMS 0x00000000c7900000 space 1024K, 100% used [0x00000000c7800000, 0x00000000c7900000)
AC   0  O    TS     0 PTAMS 0x00000000c7a00000 NTAMS 0x00000000c7a00000 space 1024K, 100% used [0x00000000c7900000, 0x00000000c7a00000)
AC   0  O    TS     0 PTAMS 0x00000000c7b00000 NTAMS 0x00000000c7b00000 space 1024K, 100% used [0x00000000c7a00000, 0x00000000c7b00000)
AC   0  O    TS     0 PTAMS 0x00000000c7c00000 NTAMS 0x00000000c7c00000 space 1024K, 100% used [0x00000000c7b00000, 0x00000000c7c00000)
AC   0  O    TS     0 PTAMS 0x00000000c7d00000 NTAMS 0x00000000c7d00000 space 1024K, 100% used [0x00000000c7c00000, 0x00000000c7d00000)
AC   0  O    TS     0 PTAMS 0x00000000c7e00000 NTAMS 0x00000000c7e00000 space 1024K, 100% used [0x00000000c7d00000, 0x00000000c7e00000)
AC   0  O    TS     0 PTAMS 0x00000000c7f00000 NTAMS 0x00000000c7f00000 space 1024K, 100% used [0x00000000c7e00000, 0x00000000c7f00000)
AC   0  O    TS     0 PTAMS 0x00000000c8000000 NTAMS 0x00000000c8000000 space 1024K, 100% used [0x00000000c7f00000, 0x00000000c8000000)
AC   0  O    TS     0 PTAMS 0x00000000c8100000 NTAMS 0x00000000c8100000 space 1024K, 100% used [0x00000000c8000000, 0x00000000c8100000)
AC   0  O    TS     0 PTAMS 0x00000000c8200000 NTAMS 0x00000000c8200000 space 1024K, 100% used [0x00000000c8100000, 0x00000000c8200000)
AC   0  O    TS     0 PTAMS 0x00000000c8300000 NTAMS 0x00000000c8300000 space 1024K, 100% used [0x00000000c8200000, 0x00000000c8300000)
AC   0  O    TS     0 PTAMS 0x00000000c8400000 NTAMS 0x00000000c8400000 space 1024K, 100% used [0x00000000c8300000, 0x00000000c8400000)
AC   0  O    TS     0 PTAMS 0x00000000c8500000 NTAMS 0x00000000c8500000 space 1024K, 100% used [0x00000000c8400000, 0x00000000c8500000)
AC   0  O    TS     0 PTAMS 0x00000000c8600000 NTAMS 0x00000000c8600000 space 1024K, 100% used [0x00000000c8500000, 0x00000000c8600000)
AC   0  O    TS     0 PTAMS 0x00000000c8700000 NTAMS 0x00000000c8700000 space 1024K, 100% used [0x00000000c8600000, 0x00000000c8700000)
AC   0  O    TS     0 PTAMS 0x00000000c8700000 NTAMS 0x00000000c8700000 space 1024K, 100% used [0x00000000c8700000, 0x00000000c8800000)
AC   0  O    TS     0 PTAMS 0x00000000c8800000 NTAMS 0x00000000c8800000 space 1024K, 100% used [0x00000000c8800000, 0x00000000c8900000)
AC   0  O    TS     3 PTAMS 0x00000000c8900000 NTAMS 0x00000000c8900000 space 1024K, 100% used [0x00000000c8900000, 0x00000000c8a00000)
AC   0 HS    TS     0 PTAMS 0x00000000c8a00000 NTAMS 0x00000000c8a00000 space 1024K,  65% used [0x00000000c8a00000, 0x00000000c8b00000)
AC   0 HS    TS     0 PTAMS 0x00000000c8b00000 NTAMS 0x00000000c8b00000 space 1024K,  65% used [0x00000000c8b00000, 0x00000000c8c00000)
AC   0 HS    TS     0 PTAMS 0x00000000c8c00000 NTAMS 0x00000000c8c00000 space 2048K,  65% used [0x00000000c8c00000, 0x00000000c8e00000)
AC   0 HC    TS     0 PTAMS 0x00000000c8d00000 NTAMS 0x00000000c8d00000 space 1024K,  31% used [0x00000000c8d00000, 0x00000000c8e00000)
AC   0 HS    TS     0 PTAMS 0x00000000c8e00000 NTAMS 0x00000000c8e00000 space 2048K,  65% used [0x00000000c8e00000, 0x00000000c9000000)
AC   0 HC    TS     0 PTAMS 0x00000000c8f00000 NTAMS 0x00000000c8f00000 space 1024K,  31% used [0x00000000c8f00000, 0x00000000c9000000)
AC   0 HS    TS     0 PTAMS 0x00000000c9000000 NTAMS 0x00000000c9000000 space 1024K,  54% used [0x00000000c9000000, 0x00000000c9100000)
AC   0 HS    TS     0 PTAMS 0x00000000c9100000 NTAMS 0x00000000c9100000 space 1024K,  54% used [0x00000000c9100000, 0x00000000c9200000)
AC   0 HS    TS     0 PTAMS 0x00000000c9200000 NTAMS 0x00000000c9200000 space 1024K,  84% used [0x00000000c9200000, 0x00000000c9300000)
AC   0  O    TS     3 PTAMS 0x00000000c9300000 NTAMS 0x00000000c9300000 space 1024K, 100% used [0x00000000c9300000, 0x00000000c9400000)
AC   0  O    TS     3 PTAMS 0x00000000c9400000 NTAMS 0x00000000c9400000 space 1024K, 100% used [0x00000000c9400000, 0x00000000c9500000)
AC   0  O    TS     3 PTAMS 0x00000000c9500000 NTAMS 0x00000000c9500000 space 1024K, 100% used [0x00000000c9500000, 0x00000000c9600000)
AC   0  O    TS     3 PTAMS 0x00000000c9600000 NTAMS 0x00000000c9600000 space 1024K, 100% used [0x00000000c9600000, 0x00000000c9700000)
AC   0  O    TS     3 PTAMS 0x00000000c9700000 NTAMS 0x00000000c9700000 space 1024K, 100% used [0x00000000c9700000, 0x00000000c9800000)
AC   0  O    TS     3 PTAMS 0x00000000c9800000 NTAMS 0x00000000c9800000 space 1024K, 100% used [0x00000000c9800000, 0x00000000c9900000)
AC   0  O    TS     3 PTAMS 0x00000000c9900000 NTAMS 0x00000000c9900000 space 1024K, 100% used [0x00000000c9900000, 0x00000000c9a00000)
AC   0  O    TS     3 PTAMS 0x00000000c9a00000 NTAMS 0x00000000c9a00000 space 1024K, 100% used [0x00000000c9a00000, 0x00000000c9b00000)
AC   0  O    TS     3 PTAMS 0x00000000c9b00000 NTAMS 0x00000000c9b00000 space 1024K, 100% used [0x00000000c9b00000, 0x00000000c9c00000)
AC   0  O    TS     3 PTAMS 0x00000000c9c00000 NTAMS 0x00000000c9c00000 space 1024K, 100% used [0x00000000c9c00000, 0x00000000c9d00000)
AC   0  O    TS     3 PTAMS 0x00000000c9d00000 NTAMS 0x00000000c9d00000 space 1024K, 100% used [0x00000000c9d00000, 0x00000000c9e00000)
AC   0  O    TS     3 PTAMS 0x00000000c9e00000 NTAMS 0x00000000c9e00000 space 1024K, 100% used [0x00000000c9e00000, 0x00000000c9f00000)
AC   0  O    TS     3 PTAMS 0x00000000c9f00000 NTAMS 0x00000000c9f00000 space 1024K, 100% used [0x00000000c9f00000, 0x00000000ca000000)
AC   0  O    TS     3 PTAMS 0x00000000ca000000 NTAMS 0x00000000ca000000 space 1024K, 100% used [0x00000000ca000000, 0x00000000ca100000)
AC   0  O    TS     3 PTAMS 0x00000000ca100000 NTAMS 0x00000000ca100000 space 1024K,  22% used [0x00000000ca100000, 0x00000000ca200000)
AC   0  F    TS     0 PTAMS 0x00000000ca200000 NTAMS 0x00000000ca200000 space 1024K,   0% used [0x00000000ca200000, 0x00000000ca300000)
AC   0  F    TS     0 PTAMS 0x00000000ca300000 NTAMS 0x00000000ca300000 space 1024K,   0% used [0x00000000ca300000, 0x00000000ca400000)
AC   0  F    TS     0 PTAMS 0x00000000ca400000 NTAMS 0x00000000ca400000 space 1024K,   0% used [0x00000000ca400000, 0x00000000ca500000)
AC   0  F    TS     0 PTAMS 0x00000000ca500000 NTAMS 0x00000000ca500000 space 1024K,   0% used [0x00000000ca500000, 0x00000000ca600000)
AC   0  F    TS     0 PTAMS 0x00000000ca600000 NTAMS 0x00000000ca600000 space 1024K,   0% used [0x00000000ca600000, 0x00000000ca700000)
AC   0  F    TS     0 PTAMS 0x00000000ca700000 NTAMS 0x00000000ca700000 space 1024K,   0% used [0x00000000ca700000, 0x00000000ca800000)
AC   0  F    TS     0 PTAMS 0x00000000ca800000 NTAMS 0x00000000ca800000 space 1024K,   0% used [0x00000000ca800000, 0x00000000ca900000)
AC   0  F    TS     0 PTAMS 0x00000000ca900000 NTAMS 0x00000000ca900000 space 1024K,   0% used [0x00000000ca900000, 0x00000000caa00000)
AC   0  F    TS     0 PTAMS 0x00000000caa00000 NTAMS 0x00000000caa00000 space 1024K,   0% used [0x00000000caa00000, 0x00000000cab00000)
AC   0  F    TS     0 PTAMS 0x00000000cab00000 NTAMS 0x00000000cab00000 space 1024K,   0% used [0x00000000cab00000, 0x00000000cac00000)
AC   0  F    TS     0 PTAMS 0x00000000cac00000 NTAMS 0x00000000cac00000 space 1024K,   0% used [0x00000000cac00000, 0x00000000cad00000)
AC   0  F    TS     0 PTAMS 0x00000000cad00000 NTAMS 0x00000000cad00000 space 1024K,   0% used [0x00000000cad00000, 0x00000000cae00000)
AC   0  F    TS     0 PTAMS 0x00000000cae00000 NTAMS 0x00000000cae00000 space 1024K,   0% used [0x00000000cae00000, 0x00000000caf00000)
AC   0  F    TS     0 PTAMS 0x00000000caf00000 NTAMS 0x00000000caf00000 space 1024K,   0% used [0x00000000caf00000, 0x00000000cb000000)
AC   0  F    TS     0 PTAMS 0x00000000cb000000 NTAMS 0x00000000cb000000 space 1024K,   0% used [0x00000000cb000000, 0x00000000cb100000)
AC   0  F    TS     0 PTAMS 0x00000000cb100000 NTAMS 0x00000000cb100000 space 1024K,   0% used [0x00000000cb100000, 0x00000000cb200000)
AC   0  O    TS     0 PTAMS 0x00000000cb300000 NTAMS 0x00000000cb300000 space 1024K, 100% used [0x00000000cb200000, 0x00000000cb300000)
AC   0  O    TS     0 PTAMS 0x00000000cb400000 NTAMS 0x00000000cb400000 space 1024K, 100% used [0x00000000cb300000, 0x00000000cb400000)
AC   0  O    TS     0 PTAMS 0x00000000cb500000 NTAMS 0x00000000cb500000 space 1024K, 100% used [0x00000000cb400000, 0x00000000cb500000)
AC   0  O    TS     0 PTAMS 0x00000000cb600000 NTAMS 0x00000000cb600000 space 1024K, 100% used [0x00000000cb500000, 0x00000000cb600000)
AC   0  F    TS     0 PTAMS 0x00000000cb600000 NTAMS 0x00000000cb600000 space 1024K,   0% used [0x00000000cb600000, 0x00000000cb700000)
AC   0  F    TS     0 PTAMS 0x00000000cb700000 NTAMS 0x00000000cb700000 space 1024K,   0% used [0x00000000cb700000, 0x00000000cb800000)
AC   0  F    TS     0 PTAMS 0x00000000cb800000 NTAMS 0x00000000cb800000 space 1024K,   0% used [0x00000000cb800000, 0x00000000cb900000)
AC   0  O    TS     0 PTAMS 0x00000000cba00000 NTAMS 0x00000000cba00000 space 1024K, 100% used [0x00000000cb900000, 0x00000000cba00000)
AC   0  F    TS     0 PTAMS 0x00000000cba00000 NTAMS 0x00000000cba00000 space 1024K,   0% used [0x00000000cba00000, 0x00000000cbb00000)
AC   0  O    TS     0 PTAMS 0x00000000cbc00000 NTAMS 0x00000000cbc00000 space 1024K, 100% used [0x00000000cbb00000, 0x00000000cbc00000)
AC   0  F    TS     0 PTAMS 0x00000000cbc00000 NTAMS 0x00000000cbc00000 space 1024K,   0% used [0x00000000cbc00000, 0x00000000cbd00000)
AC   0  F    TS     0 PTAMS 0x00000000cbd00000 NTAMS 0x00000000cbd00000 space 1024K,   0% used [0x00000000cbd00000, 0x00000000cbe00000)
AC   0  F    TS     0 PTAMS 0x00000000cbe00000 NTAMS 0x00000000cbe00000 space 1024K,   0% used [0x00000000cbe00000, 0x00000000cbf00000)
AC   0  F    TS     0 PTAMS 0x00000000cbf00000 NTAMS 0x00000000cbf00000 space 1024K,   0% used [0x00000000cbf00000, 0x00000000cc000000)
AC   0  F    TS     0 PTAMS 0x00000000cc000000 NTAMS 0x00000000cc000000 space 1024K,   0% used [0x00000000cc000000, 0x00000000cc100000)
AC   0  F    TS     0 PTAMS 0x00000000cc100000 NTAMS 0x00000000cc100000 space 1024K,   0% used [0x00000000cc100000, 0x00000000cc200000)
AC   0  F    TS     0 PTAMS 0x00000000cc200000 NTAMS 0x00000000cc200000 space 1024K,   0% used [0x00000000cc200000, 0x00000000cc300000)
AC   0  F    TS     0 PTAMS 0x00000000cc300000 NTAMS 0x00000000cc300000 space 1024K,   0% used [0x00000000cc300000, 0x00000000cc400000)
AC   0  F    TS     0 PTAMS 0x00000000cc400000 NTAMS 0x00000000cc400000 space 1024K,   0% used [0x00000000cc400000, 0x00000000cc500000)
AC   0  F    TS     0 PTAMS 0x00000000cc500000 NTAMS 0x00000000cc500000 space 1024K,   0% used [0x00000000cc500000, 0x00000000cc600000)
AC   0  F    TS     0 PTAMS 0x00000000cc600000 NTAMS 0x00000000cc600000 space 1024K,   0% used [0x00000000cc600000, 0x00000000cc700000)
AC   0  F    TS     0 PTAMS 0x00000000cc700000 NTAMS 0x00000000cc700000 space 1024K,   0% used [0x00000000cc700000, 0x00000000cc800000)
AC   0  F    TS     0 PTAMS 0x00000000cc800000 NTAMS 0x00000000cc800000 space 1024K,   0% used [0x00000000cc800000, 0x00000000cc900000)
AC   0  F    TS     0 PTAMS 0x00000000cc900000 NTAMS 0x00000000cc900000 space 1024K,   0% used [0x00000000cc900000, 0x00000000cca00000)
AC   0  F    TS     0 PTAMS 0x00000000cca00000 NTAMS 0x00000000cca00000 space 1024K,   0% used [0x00000000cca00000, 0x00000000ccb00000)
AC   0  F    TS     0 PTAMS 0x00000000ccb00000 NTAMS 0x00000000ccb00000 space 1024K,   0% used [0x00000000ccb00000, 0x00000000ccc00000)
AC   0  F    TS     0 PTAMS 0x00000000ccc00000 NTAMS 0x00000000ccc00000 space 1024K,   0% used [0x00000000ccc00000, 0x00000000ccd00000)
AC   0  F    TS     0 PTAMS 0x00000000ccd00000 NTAMS 0x00000000ccd00000 space 1024K,   0% used [0x00000000ccd00000, 0x00000000cce00000)
AC   0  F    TS     0 PTAMS 0x00000000cce00000 NTAMS 0x00000000cce00000 space 1024K,   0% used [0x00000000cce00000, 0x00000000ccf00000)
AC   0  F    TS     0 PTAMS 0x00000000ccf00000 NTAMS 0x00000000ccf00000 space 1024K,   0% used [0x00000000ccf00000, 0x00000000cd000000)
AC   0  F    TS     0 PTAMS 0x00000000cd000000 NTAMS 0x00000000cd000000 space 1024K,   0% used [0x00000000cd000000, 0x00000000cd100000)
AC   0  F    TS     1 PTAMS 0x00000000cd100000 NTAMS 0x00000000cd100000 space 1024K,   0% used [0x00000000cd100000, 0x00000000cd200000)
AC   0  F    TS     1 PTAMS 0x00000000cd200000 NTAMS 0x00000000cd200000 space 1024K,   0% used [0x00000000cd200000, 0x00000000cd300000)
AC   0  F    TS     1 PTAMS 0x00000000cd300000 NTAMS 0x00000000cd300000 space 1024K,   0% used [0x00000000cd300000, 0x00000000cd400000)
AC   0  F    TS     1 PTAMS 0x00000000cd400000 NTAMS 0x00000000cd400000 space 1024K,   0% used [0x00000000cd400000, 0x00000000cd500000)
AC   0  F    TS     1 PTAMS 0x00000000cd500000 NTAMS 0x00000000cd500000 space 1024K,   0% used [0x00000000cd500000, 0x00000000cd600000)
AC   0  F    TS     1 PTAMS 0x00000000cd600000 NTAMS 0x00000000cd600000 space 1024K,   0% used [0x00000000cd600000, 0x00000000cd700000)
AC   0  F    TS     1 PTAMS 0x00000000cd700000 NTAMS 0x00000000cd700000 space 1024K,   0% used [0x00000000cd700000, 0x00000000cd800000)
AC   0  F    TS     1 PTAMS 0x00000000cd800000 NTAMS 0x00000000cd800000 space 1024K,   0% used [0x00000000cd800000, 0x00000000cd900000)
AC   0  F    TS     1 PTAMS 0x00000000cd900000 NTAMS 0x00000000cd900000 space 1024K,   0% used [0x00000000cd900000, 0x00000000cda00000)
AC   0  F    TS     1 PTAMS 0x00000000cda00000 NTAMS 0x00000000cda00000 space 1024K,   0% used [0x00000000cda00000, 0x00000000cdb00000)
AC   0  F    TS     1 PTAMS 0x00000000cdb00000 NTAMS 0x00000000cdb00000 space 1024K,   0% used [0x00000000cdb00000, 0x00000000cdc00000)
AC   0  F    TS     1 PTAMS 0x00000000cdc00000 NTAMS 0x00000000cdc00000 space 1024K,   0% used [0x00000000cdc00000, 0x00000000cdd00000)
AC   0  F    TS     1 PTAMS 0x00000000cdd00000 NTAMS 0x00000000cdd00000 space 1024K,   0% used [0x00000000cdd00000, 0x00000000cde00000)
AC   0  F    TS     1 PTAMS 0x00000000cde00000 NTAMS 0x00000000cde00000 space 1024K,   0% used [0x00000000cde00000, 0x00000000cdf00000)
AC   0  F    TS     1 PTAMS 0x00000000cdf00000 NTAMS 0x00000000cdf00000 space 1024K,   0% used [0x00000000cdf00000, 0x00000000ce000000)
AC   0  F    TS     1 PTAMS 0x00000000ce000000 NTAMS 0x00000000ce000000 space 1024K,   0% used [0x00000000ce000000, 0x00000000ce100000)
AC   0  F    TS     1 PTAMS 0x00000000ce100000 NTAMS 0x00000000ce100000 space 1024K,   0% used [0x00000000ce100000, 0x00000000ce200000)
AC   0  F    TS     0 PTAMS 0x00000000ce200000 NTAMS 0x00000000ce200000 space 1024K,   0% used [0x00000000ce200000, 0x00000000ce300000)
AC   0  F    TS     0 PTAMS 0x00000000ce300000 NTAMS 0x00000000ce300000 space 1024K,   0% used [0x00000000ce300000, 0x00000000ce400000)
AC   0  F    TS     0 PTAMS 0x00000000ce400000 NTAMS 0x00000000ce400000 space 1024K,   0% used [0x00000000ce400000, 0x00000000ce500000)
AC   0  F    TS     0 PTAMS 0x00000000ce500000 NTAMS 0x00000000ce500000 space 1024K,   0% used [0x00000000ce500000, 0x00000000ce600000)
AC   0  F    TS     0 PTAMS 0x00000000ce600000 NTAMS 0x00000000ce600000 space 1024K,   0% used [0x00000000ce600000, 0x00000000ce700000)
AC   0  F    TS     0 PTAMS 0x00000000ce700000 NTAMS 0x00000000ce700000 space 1024K,   0% used [0x00000000ce700000, 0x00000000ce800000)
AC   0  F    TS     0 PTAMS 0x00000000ce800000 NTAMS 0x00000000ce800000 space 1024K,   0% used [0x00000000ce800000, 0x00000000ce900000)
AC   0  F    TS     0 PTAMS 0x00000000ce900000 NTAMS 0x00000000ce900000 space 1024K,   0% used [0x00000000ce900000, 0x00000000cea00000)
AC   0  F    TS     0 PTAMS 0x00000000cea00000 NTAMS 0x00000000cea00000 space 1024K,   0% used [0x00000000cea00000, 0x00000000ceb00000)
AC   0  F    TS     0 PTAMS 0x00000000ceb00000 NTAMS 0x00000000ceb00000 space 1024K,   0% used [0x00000000ceb00000, 0x00000000cec00000)
AC   0  F    TS     0 PTAMS 0x00000000cec00000 NTAMS 0x00000000cec00000 space 1024K,   0% used [0x00000000cec00000, 0x00000000ced00000)
AC   0  F    TS     0 PTAMS 0x00000000ced00000 NTAMS 0x00000000ced00000 space 1024K,   0% used [0x00000000ced00000, 0x00000000cee00000)
AC   0  F    TS     0 PTAMS 0x00000000cee00000 NTAMS 0x00000000cee00000 space 1024K,   0% used [0x00000000cee00000, 0x00000000cef00000)
AC   0  F    TS     0 PTAMS 0x00000000cef00000 NTAMS 0x00000000cef00000 space 1024K,   0% used [0x00000000cef00000, 0x00000000cf000000)
AC   0  F    TS     0 PTAMS 0x00000000cf000000 NTAMS 0x00000000cf000000 space 1024K,   0% used [0x00000000cf000000, 0x00000000cf100000)
AC   0  S CS TS     3 PTAMS 0x00000000cf100000 NTAMS 0x00000000cf100000 space 1024K, 100% used [0x00000000cf100000, 0x00000000cf200000)
AC   0  S CS TS     3 PTAMS 0x00000000cf200000 NTAMS 0x00000000cf200000 space 1024K, 100% used [0x00000000cf200000, 0x00000000cf300000)
AC   0  S CS TS     3 PTAMS 0x00000000cf300000 NTAMS 0x00000000cf300000 space 1024K, 100% used [0x00000000cf300000, 0x00000000cf400000)
AC   0  S CS TS     3 PTAMS 0x00000000cf400000 NTAMS 0x00000000cf400000 space 1024K, 100% used [0x00000000cf400000, 0x00000000cf500000)
AC   0  S CS TS     3 PTAMS 0x00000000cf500000 NTAMS 0x00000000cf500000 space 1024K, 100% used [0x00000000cf500000, 0x00000000cf600000)
AC   0  S CS TS     3 PTAMS 0x00000000cf600000 NTAMS 0x00000000cf600000 space 1024K, 100% used [0x00000000cf600000, 0x00000000cf700000)
AC   0  S CS TS     3 PTAMS 0x00000000cf700000 NTAMS 0x00000000cf700000 space 1024K, 100% used [0x00000000cf700000, 0x00000000cf800000)
AC   0  S CS TS     3 PTAMS 0x00000000cf800000 NTAMS 0x00000000cf800000 space 1024K, 100% used [0x00000000cf800000, 0x00000000cf900000)
AC   0  S CS TS     3 PTAMS 0x00000000cf900000 NTAMS 0x00000000cf900000 space 1024K, 100% used [0x00000000cf900000, 0x00000000cfa00000)
AC   0  S CS TS     3 PTAMS 0x00000000cfa00000 NTAMS 0x00000000cfa00000 space 1024K, 100% used [0x00000000cfa00000, 0x00000000cfb00000)
AC   0  S CS TS     3 PTAMS 0x00000000cfb00000 NTAMS 0x00000000cfb00000 space 1024K, 100% used [0x00000000cfb00000, 0x00000000cfc00000)
AC   0  S CS TS     3 PTAMS 0x00000000cfc00000 NTAMS 0x00000000cfc00000 space 1024K, 100% used [0x00000000cfc00000, 0x00000000cfd00000)
AC   0  S CS TS     3 PTAMS 0x00000000cfd00000 NTAMS 0x00000000cfd00000 space 1024K, 100% used [0x00000000cfd00000, 0x00000000cfe00000)
AC   0  S CS TS     3 PTAMS 0x00000000cfe00000 NTAMS 0x00000000cfe00000 space 1024K, 100% used [0x00000000cfe00000, 0x00000000cff00000)
AC   0  S CS TS     3 PTAMS 0x00000000cff00000 NTAMS 0x00000000cff00000 space 1024K, 100% used [0x00000000cff00000, 0x00000000d0000000)
AC   0  S CS TS     3 PTAMS 0x00000000d0000000 NTAMS 0x00000000d0000000 space 1024K, 100% used [0x00000000d0000000, 0x00000000d0100000)
AC   0  S CS TS     3 PTAMS 0x00000000d0100000 NTAMS 0x00000000d0100000 space 1024K, 100% used [0x00000000d0100000, 0x00000000d0200000)
AC   0  S CS TS     3 PTAMS 0x00000000d0200000 NTAMS 0x00000000d0200000 space 1024K, 100% used [0x00000000d0200000, 0x00000000d0300000)
AC   0  S CS TS     3 PTAMS 0x00000000d0300000 NTAMS 0x00000000d0300000 space 1024K, 100% used [0x00000000d0300000, 0x00000000d0400000)
AC   0  S CS TS     3 PTAMS 0x00000000d0400000 NTAMS 0x00000000d0400000 space 1024K, 100% used [0x00000000d0400000, 0x00000000d0500000)
AC   0  S CS TS     3 PTAMS 0x00000000d0500000 NTAMS 0x00000000d0500000 space 1024K, 100% used [0x00000000d0500000, 0x00000000d0600000)
AC   0  S CS TS     3 PTAMS 0x00000000d0600000 NTAMS 0x00000000d0600000 space 1024K, 100% used [0x00000000d0600000, 0x00000000d0700000)
AC   0  S CS TS     3 PTAMS 0x00000000d0700000 NTAMS 0x00000000d0700000 space 1024K, 100% used [0x00000000d0700000, 0x00000000d0800000)
AC   0  S CS TS     3 PTAMS 0x00000000d0800000 NTAMS 0x00000000d0800000 space 1024K, 100% used [0x00000000d0800000, 0x00000000d0900000)
AC   0  S CS TS     3 PTAMS 0x00000000d0900000 NTAMS 0x00000000d0900000 space 1024K, 100% used [0x00000000d0900000, 0x00000000d0a00000)
AC   0  S CS TS     3 PTAMS 0x00000000d0a00000 NTAMS 0x00000000d0a00000 space 1024K, 100% used [0x00000000d0a00000, 0x00000000d0b00000)
AC   0  S CS TS     3 PTAMS 0x00000000d0b00000 NTAMS 0x00000000d0b00000 space 1024K, 100% used [0x00000000d0b00000, 0x00000000d0c00000)
AC   0  S CS TS     3 PTAMS 0x00000000d0c00000 NTAMS 0x00000000d0c00000 space 1024K, 100% used [0x00000000d0c00000, 0x00000000d0d00000)
AC   0  S CS TS     3 PTAMS 0x00000000d0d00000 NTAMS 0x00000000d0d00000 space 1024K, 100% used [0x00000000d0d00000, 0x00000000d0e00000)
AC   0  S CS TS     3 PTAMS 0x00000000d0e00000 NTAMS 0x00000000d0e00000 space 1024K, 100% used [0x00000000d0e00000, 0x00000000d0f00000)
AC   0  F    TS     0 PTAMS 0x00000000d0f00000 NTAMS 0x00000000d0f00000 space 1024K,   0% used [0x00000000d0f00000, 0x00000000d1000000)
AC   0  F    TS     0 PTAMS 0x00000000d1000000 NTAMS 0x00000000d1000000 space 1024K,   0% used [0x00000000d1000000, 0x00000000d1100000)
AC   0  F    TS     0 PTAMS 0x00000000d1100000 NTAMS 0x00000000d1100000 space 1024K,   0% used [0x00000000d1100000, 0x00000000d1200000)
AC   0  F    TS     0 PTAMS 0x00000000d1200000 NTAMS 0x00000000d1200000 space 1024K,   0% used [0x00000000d1200000, 0x00000000d1300000)
AC   0  F    TS     0 PTAMS 0x00000000d1300000 NTAMS 0x00000000d1300000 space 1024K,   0% used [0x00000000d1300000, 0x00000000d1400000)
AC   0  F    TS     0 PTAMS 0x00000000d1400000 NTAMS 0x00000000d1400000 space 1024K,   0% used [0x00000000d1400000, 0x00000000d1500000)
AC   0  F    TS     0 PTAMS 0x00000000d1500000 NTAMS 0x00000000d1500000 space 1024K,   0% used [0x00000000d1500000, 0x00000000d1600000)
AC   0  F    TS     0 PTAMS 0x00000000d1600000 NTAMS 0x00000000d1600000 space 1024K,   0% used [0x00000000d1600000, 0x00000000d1700000)
AC   0  F    TS     0 PTAMS 0x00000000d1700000 NTAMS 0x00000000d1700000 space 1024K,   0% used [0x00000000d1700000, 0x00000000d1800000)
AC   0  F    TS     0 PTAMS 0x00000000d1800000 NTAMS 0x00000000d1800000 space 1024K,   0% used [0x00000000d1800000, 0x00000000d1900000)
AC   0  F    TS     0 PTAMS 0x00000000d1900000 NTAMS 0x00000000d1900000 space 1024K,   0% used [0x00000000d1900000, 0x00000000d1a00000)
AC   0  F    TS     0 PTAMS 0x00000000d1a00000 NTAMS 0x00000000d1a00000 space 1024K,   0% used [0x00000000d1a00000, 0x00000000d1b00000)
AC   0  F    TS     0 PTAMS 0x00000000d1b00000 NTAMS 0x00000000d1b00000 space 1024K,   0% used [0x00000000d1b00000, 0x00000000d1c00000)
AC   0  F    TS     0 PTAMS 0x00000000d1c00000 NTAMS 0x00000000d1c00000 space 1024K,   0% used [0x00000000d1c00000, 0x00000000d1d00000)
AC   0  F    TS     0 PTAMS 0x00000000d1d00000 NTAMS 0x00000000d1d00000 space 1024K,   0% used [0x00000000d1d00000, 0x00000000d1e00000)
AC   0  F    TS     0 PTAMS 0x00000000d1e00000 NTAMS 0x00000000d1e00000 space 1024K,   0% used [0x00000000d1e00000, 0x00000000d1f00000)
AC   0  F    TS     0 PTAMS 0x00000000d1f00000 NTAMS 0x00000000d1f00000 space 1024K,   0% used [0x00000000d1f00000, 0x00000000d2000000)
AC   0  F    TS     0 PTAMS 0x00000000d2000000 NTAMS 0x00000000d2000000 space 1024K,   0% used [0x00000000d2000000, 0x00000000d2100000)
AC   0  F    TS     0 PTAMS 0x00000000d2100000 NTAMS 0x00000000d2100000 space 1024K,   0% used [0x00000000d2100000, 0x00000000d2200000)
AC   0  F    TS     0 PTAMS 0x00000000d2200000 NTAMS 0x00000000d2200000 space 1024K,   0% used [0x00000000d2200000, 0x00000000d2300000)
AC   0  F    TS     0 PTAMS 0x00000000d2300000 NTAMS 0x00000000d2300000 space 1024K,   0% used [0x00000000d2300000, 0x00000000d2400000)
AC   0  F    TS     0 PTAMS 0x00000000d2400000 NTAMS 0x00000000d2400000 space 1024K,   0% used [0x00000000d2400000, 0x00000000d2500000)
AC   0  F    TS     0 PTAMS 0x00000000d2500000 NTAMS 0x00000000d2500000 space 1024K,   0% used [0x00000000d2500000, 0x00000000d2600000)
AC   0  F    TS     0 PTAMS 0x00000000d2600000 NTAMS 0x00000000d2600000 space 1024K,   0% used [0x00000000d2600000, 0x00000000d2700000)
AC   0  F    TS     0 PTAMS 0x00000000d2700000 NTAMS 0x00000000d2700000 space 1024K,   0% used [0x00000000d2700000, 0x00000000d2800000)
AC   0  F    TS     0 PTAMS 0x00000000d2800000 NTAMS 0x00000000d2800000 space 1024K,   0% used [0x00000000d2800000, 0x00000000d2900000)
AC   0  F    TS     0 PTAMS 0x00000000d2900000 NTAMS 0x00000000d2900000 space 1024K,   0% used [0x00000000d2900000, 0x00000000d2a00000)
AC   0  F    TS     0 PTAMS 0x00000000d2a00000 NTAMS 0x00000000d2a00000 space 1024K,   0% used [0x00000000d2a00000, 0x00000000d2b00000)
AC   0  F    TS     0 PTAMS 0x00000000d2b00000 NTAMS 0x00000000d2b00000 space 1024K,   0% used [0x00000000d2b00000, 0x00000000d2c00000)
AC   0  F    TS     0 PTAMS 0x00000000d2c00000 NTAMS 0x00000000d2c00000 space 1024K,   0% used [0x00000000d2c00000, 0x00000000d2d00000)
AC   0  F    TS     0 PTAMS 0x00000000d2d00000 NTAMS 0x00000000d2d00000 space 1024K,   0% used [0x00000000d2d00000, 0x00000000d2e00000)
AC   0  F    TS     0 PTAMS 0x00000000d2e00000 NTAMS 0x00000000d2e00000 space 1024K,   0% used [0x00000000d2e00000, 0x00000000d2f00000)
AC   0  F    TS     0 PTAMS 0x00000000d2f00000 NTAMS 0x00000000d2f00000 space 1024K,   0% used [0x00000000d2f00000, 0x00000000d3000000)
AC   0  F    TS     0 PTAMS 0x00000000d3000000 NTAMS 0x00000000d3000000 space 1024K,   0% used [0x00000000d3000000, 0x00000000d3100000)
AC   0  F    TS     0 PTAMS 0x00000000d3100000 NTAMS 0x00000000d3100000 space 1024K,   0% used [0x00000000d3100000, 0x00000000d3200000)
AC   0  F    TS     0 PTAMS 0x00000000d3200000 NTAMS 0x00000000d3200000 space 1024K,   0% used [0x00000000d3200000, 0x00000000d3300000)
AC   0  F    TS     0 PTAMS 0x00000000d3300000 NTAMS 0x00000000d3300000 space 1024K,   0% used [0x00000000d3300000, 0x00000000d3400000)
AC   0  F    TS     0 PTAMS 0x00000000d3400000 NTAMS 0x00000000d3400000 space 1024K,   0% used [0x00000000d3400000, 0x00000000d3500000)
AC   0  F    TS     0 PTAMS 0x00000000d3500000 NTAMS 0x00000000d3500000 space 1024K,   0% used [0x00000000d3500000, 0x00000000d3600000)
AC   0  F    TS     0 PTAMS 0x00000000d3600000 NTAMS 0x00000000d3600000 space 1024K,   0% used [0x00000000d3600000, 0x00000000d3700000)
AC   0  F    TS     0 PTAMS 0x00000000d3700000 NTAMS 0x00000000d3700000 space 1024K,   0% used [0x00000000d3700000, 0x00000000d3800000)
AC   0  F    TS     0 PTAMS 0x00000000d3800000 NTAMS 0x00000000d3800000 space 1024K,   0% used [0x00000000d3800000, 0x00000000d3900000)
AC   0  F    TS     0 PTAMS 0x00000000d3900000 NTAMS 0x00000000d3900000 space 1024K,   0% used [0x00000000d3900000, 0x00000000d3a00000)
AC   0  F    TS     0 PTAMS 0x00000000d3a00000 NTAMS 0x00000000d3a00000 space 1024K,   0% used [0x00000000d3a00000, 0x00000000d3b00000)
AC   0  F    TS     0 PTAMS 0x00000000d3b00000 NTAMS 0x00000000d3b00000 space 1024K,   0% used [0x00000000d3b00000, 0x00000000d3c00000)
AC   0  F    TS     0 PTAMS 0x00000000d3c00000 NTAMS 0x00000000d3c00000 space 1024K,   0% used [0x00000000d3c00000, 0x00000000d3d00000)
AC   0  F    TS     0 PTAMS 0x00000000d3d00000 NTAMS 0x00000000d3d00000 space 1024K,   0% used [0x00000000d3d00000, 0x00000000d3e00000)
AC   0  F    TS     0 PTAMS 0x00000000d3e00000 NTAMS 0x00000000d3e00000 space 1024K,   0% used [0x00000000d3e00000, 0x00000000d3f00000)
AC   0  F    TS     0 PTAMS 0x00000000d3f00000 NTAMS 0x00000000d3f00000 space 1024K,   0% used [0x00000000d3f00000, 0x00000000d4000000)
AC   0  F    TS     0 PTAMS 0x00000000d4000000 NTAMS 0x00000000d4000000 space 1024K,   0% used [0x00000000d4000000, 0x00000000d4100000)
AC   0  F    TS     0 PTAMS 0x00000000d4100000 NTAMS 0x00000000d4100000 space 1024K,   0% used [0x00000000d4100000, 0x00000000d4200000)
AC   0  F    TS     0 PTAMS 0x00000000d4200000 NTAMS 0x00000000d4200000 space 1024K,   0% used [0x00000000d4200000, 0x00000000d4300000)
AC   0  F    TS     0 PTAMS 0x00000000d4300000 NTAMS 0x00000000d4300000 space 1024K,   0% used [0x00000000d4300000, 0x00000000d4400000)
AC   0  F    TS     0 PTAMS 0x00000000d4400000 NTAMS 0x00000000d4400000 space 1024K,   0% used [0x00000000d4400000, 0x00000000d4500000)
AC   0  F    TS     0 PTAMS 0x00000000d4500000 NTAMS 0x00000000d4500000 space 1024K,   0% used [0x00000000d4500000, 0x00000000d4600000)
AC   0  F    TS     0 PTAMS 0x00000000d4600000 NTAMS 0x00000000d4600000 space 1024K,   0% used [0x00000000d4600000, 0x00000000d4700000)
AC   0  F    TS     0 PTAMS 0x00000000d4700000 NTAMS 0x00000000d4700000 space 1024K,   0% used [0x00000000d4700000, 0x00000000d4800000)
AC   0  F    TS     0 PTAMS 0x00000000d4800000 NTAMS 0x00000000d4800000 space 1024K,   0% used [0x00000000d4800000, 0x00000000d4900000)
AC   0  F    TS     0 PTAMS 0x00000000d4900000 NTAMS 0x00000000d4900000 space 1024K,   0% used [0x00000000d4900000, 0x00000000d4a00000)
AC   0  F    TS     0 PTAMS 0x00000000d4a00000 NTAMS 0x00000000d4a00000 space 1024K,   0% used [0x00000000d4a00000, 0x00000000d4b00000)
AC   0  F    TS     0 PTAMS 0x00000000d4b00000 NTAMS 0x00000000d4b00000 space 1024K,   0% used [0x00000000d4b00000, 0x00000000d4c00000)
AC   0  F    TS     0 PTAMS 0x00000000d4c00000 NTAMS 0x00000000d4c00000 space 1024K,   0% used [0x00000000d4c00000, 0x00000000d4d00000)
AC   0  F    TS     0 PTAMS 0x00000000d4d00000 NTAMS 0x00000000d4d00000 space 1024K,   0% used [0x00000000d4d00000, 0x00000000d4e00000)
AC   0  F    TS     0 PTAMS 0x00000000d4e00000 NTAMS 0x00000000d4e00000 space 1024K,   0% used [0x00000000d4e00000, 0x00000000d4f00000)
AC   0  F    TS     0 PTAMS 0x00000000d4f00000 NTAMS 0x00000000d4f00000 space 1024K,   0% used [0x00000000d4f00000, 0x00000000d5000000)
AC   0  F    TS     0 PTAMS 0x00000000d5000000 NTAMS 0x00000000d5000000 space 1024K,   0% used [0x00000000d5000000, 0x00000000d5100000)
AC   0  F    TS     0 PTAMS 0x00000000d5100000 NTAMS 0x00000000d5100000 space 1024K,   0% used [0x00000000d5100000, 0x00000000d5200000)
AC   0  F    TS     0 PTAMS 0x00000000d5200000 NTAMS 0x00000000d5200000 space 1024K,   0% used [0x00000000d5200000, 0x00000000d5300000)
AC   0  F    TS     0 PTAMS 0x00000000d5300000 NTAMS 0x00000000d5300000 space 1024K,   0% used [0x00000000d5300000, 0x00000000d5400000)
AC   0  F    TS     0 PTAMS 0x00000000d5400000 NTAMS 0x00000000d5400000 space 1024K,   0% used [0x00000000d5400000, 0x00000000d5500000)
AC   0  F    TS     0 PTAMS 0x00000000d5500000 NTAMS 0x00000000d5500000 space 1024K,   0% used [0x00000000d5500000, 0x00000000d5600000)
AC   0  F    TS     0 PTAMS 0x00000000d5600000 NTAMS 0x00000000d5600000 space 1024K,   0% used [0x00000000d5600000, 0x00000000d5700000)
AC   0  F    TS     0 PTAMS 0x00000000d5700000 NTAMS 0x00000000d5700000 space 1024K,   0% used [0x00000000d5700000, 0x00000000d5800000)
AC   0  F    TS     0 PTAMS 0x00000000d5800000 NTAMS 0x00000000d5800000 space 1024K,   0% used [0x00000000d5800000, 0x00000000d5900000)
AC   0  F    TS     0 PTAMS 0x00000000d5900000 NTAMS 0x00000000d5900000 space 1024K,   0% used [0x00000000d5900000, 0x00000000d5a00000)
AC   0  F    TS     0 PTAMS 0x00000000d5a00000 NTAMS 0x00000000d5a00000 space 1024K,   0% used [0x00000000d5a00000, 0x00000000d5b00000)
AC   0  F    TS     0 PTAMS 0x00000000d5b00000 NTAMS 0x00000000d5b00000 space 1024K,   0% used [0x00000000d5b00000, 0x00000000d5c00000)
AC   0  F    TS     0 PTAMS 0x00000000d5c00000 NTAMS 0x00000000d5c00000 space 1024K,   0% used [0x00000000d5c00000, 0x00000000d5d00000)
AC   0  F    TS     0 PTAMS 0x00000000d5d00000 NTAMS 0x00000000d5d00000 space 1024K,   0% used [0x00000000d5d00000, 0x00000000d5e00000)
AC   0  F    TS     0 PTAMS 0x00000000d5e00000 NTAMS 0x00000000d5e00000 space 1024K,   0% used [0x00000000d5e00000, 0x00000000d5f00000)
AC   0  F    TS     0 PTAMS 0x00000000d5f00000 NTAMS 0x00000000d5f00000 space 1024K,   0% used [0x00000000d5f00000, 0x00000000d6000000)
AC   0  F    TS     0 PTAMS 0x00000000d6000000 NTAMS 0x00000000d6000000 space 1024K,   0% used [0x00000000d6000000, 0x00000000d6100000)
AC   0  F    TS     0 PTAMS 0x00000000d6100000 NTAMS 0x00000000d6100000 space 1024K,   0% used [0x00000000d6100000, 0x00000000d6200000)
AC   0  F    TS     0 PTAMS 0x00000000d6200000 NTAMS 0x00000000d6200000 space 1024K,   0% used [0x00000000d6200000, 0x00000000d6300000)
AC   0  F    TS     0 PTAMS 0x00000000d6300000 NTAMS 0x00000000d6300000 space 1024K,   0% used [0x00000000d6300000, 0x00000000d6400000)
AC   0  F    TS     0 PTAMS 0x00000000d6400000 NTAMS 0x00000000d6400000 space 1024K,   0% used [0x00000000d6400000, 0x00000000d6500000)
AC   0  F    TS     1 PTAMS 0x00000000d6500000 NTAMS 0x00000000d6500000 space 1024K,   0% used [0x00000000d6500000, 0x00000000d6600000)
AC   0  F    TS     1 PTAMS 0x00000000d6600000 NTAMS 0x00000000d6600000 space 1024K,   0% used [0x00000000d6600000, 0x00000000d6700000)
AC   0  F    TS     1 PTAMS 0x00000000d6700000 NTAMS 0x00000000d6700000 space 1024K,   0% used [0x00000000d6700000, 0x00000000d6800000)
AC   0  F    TS     1 PTAMS 0x00000000d6800000 NTAMS 0x00000000d6800000 space 1024K,   0% used [0x00000000d6800000, 0x00000000d6900000)
AC   0  E    TS     1 PTAMS 0x00000000d6900000 NTAMS 0x00000000d6900000 space 1024K,   6% used [0x00000000d6900000, 0x00000000d6a00000)
AC   0  E CS TS     1 PTAMS 0x00000000d6a00000 NTAMS 0x00000000d6a00000 space 1024K, 100% used [0x00000000d6a00000, 0x00000000d6b00000)
AC   0  E CS TS     1 PTAMS 0x00000000d6b00000 NTAMS 0x00000000d6b00000 space 1024K, 100% used [0x00000000d6b00000, 0x00000000d6c00000)
AC   0  E CS TS     1 PTAMS 0x00000000d6c00000 NTAMS 0x00000000d6c00000 space 1024K, 100% used [0x00000000d6c00000, 0x00000000d6d00000)
AC   0  E CS TS     1 PTAMS 0x00000000d6d00000 NTAMS 0x00000000d6d00000 space 1024K, 100% used [0x00000000d6d00000, 0x00000000d6e00000)
AC   0  E CS TS     1 PTAMS 0x00000000d6e00000 NTAMS 0x00000000d6e00000 space 1024K, 100% used [0x00000000d6e00000, 0x00000000d6f00000)
AC   0  E CS TS     1 PTAMS 0x00000000d6f00000 NTAMS 0x00000000d6f00000 space 1024K, 100% used [0x00000000d6f00000, 0x00000000d7000000)
AC   0  E CS TS     1 PTAMS 0x00000000d7000000 NTAMS 0x00000000d7000000 space 1024K, 100% used [0x00000000d7000000, 0x00000000d7100000)
AC   0  E CS TS     1 PTAMS 0x00000000d7100000 NTAMS 0x00000000d7100000 space 1024K, 100% used [0x00000000d7100000, 0x00000000d7200000)
AC   0  E CS TS     1 PTAMS 0x00000000d7200000 NTAMS 0x00000000d7200000 space 1024K, 100% used [0x00000000d7200000, 0x00000000d7300000)
AC   0  E CS TS     1 PTAMS 0x00000000d7300000 NTAMS 0x00000000d7300000 space 1024K, 100% used [0x00000000d7300000, 0x00000000d7400000)
AC   0  E CS TS     1 PTAMS 0x00000000d7400000 NTAMS 0x00000000d7400000 space 1024K, 100% used [0x00000000d7400000, 0x00000000d7500000)
AC   0  E CS TS     1 PTAMS 0x00000000d7500000 NTAMS 0x00000000d7500000 space 1024K, 100% used [0x00000000d7500000, 0x00000000d7600000)
AC   0  E CS TS     1 PTAMS 0x00000000d7600000 NTAMS 0x00000000d7600000 space 1024K, 100% used [0x00000000d7600000, 0x00000000d7700000)
AC   0  E CS TS     1 PTAMS 0x00000000d7700000 NTAMS 0x00000000d7700000 space 1024K, 100% used [0x00000000d7700000, 0x00000000d7800000)
AC   0  E CS TS     1 PTAMS 0x00000000d7800000 NTAMS 0x00000000d7800000 space 1024K, 100% used [0x00000000d7800000, 0x00000000d7900000)
AC   0  E CS TS     1 PTAMS 0x00000000d7900000 NTAMS 0x00000000d7900000 space 1024K, 100% used [0x00000000d7900000, 0x00000000d7a00000)
AC   0  E CS TS     1 PTAMS 0x00000000d7a00000 NTAMS 0x00000000d7a00000 space 1024K, 100% used [0x00000000d7a00000, 0x00000000d7b00000)
AC   0  E CS TS     1 PTAMS 0x00000000d7b00000 NTAMS 0x00000000d7b00000 space 1024K, 100% used [0x00000000d7b00000, 0x00000000d7c00000)
AC   0  E CS TS     1 PTAMS 0x00000000d7c00000 NTAMS 0x00000000d7c00000 space 1024K, 100% used [0x00000000d7c00000, 0x00000000d7d00000)
AC   0  E CS TS     1 PTAMS 0x00000000d7d00000 NTAMS 0x00000000d7d00000 space 1024K, 100% used [0x00000000d7d00000, 0x00000000d7e00000)
AC   0  E CS TS     1 PTAMS 0x00000000d7e00000 NTAMS 0x00000000d7e00000 space 1024K, 100% used [0x00000000d7e00000, 0x00000000d7f00000)
AC   0  E CS TS     1 PTAMS 0x00000000d7f00000 NTAMS 0x00000000d7f00000 space 1024K, 100% used [0x00000000d7f00000, 0x00000000d8000000)
AC   0  E CS TS     1 PTAMS 0x00000000d8000000 NTAMS 0x00000000d8000000 space 1024K, 100% used [0x00000000d8000000, 0x00000000d8100000)
AC   0  E CS TS     1 PTAMS 0x00000000d8100000 NTAMS 0x00000000d8100000 space 1024K, 100% used [0x00000000d8100000, 0x00000000d8200000)
AC   0  E CS TS     1 PTAMS 0x00000000d8200000 NTAMS 0x00000000d8200000 space 1024K, 100% used [0x00000000d8200000, 0x00000000d8300000)
AC   0  E CS TS     1 PTAMS 0x00000000d8300000 NTAMS 0x00000000d8300000 space 1024K, 100% used [0x00000000d8300000, 0x00000000d8400000)
AC   0  E CS TS     1 PTAMS 0x00000000d8400000 NTAMS 0x00000000d8400000 space 1024K, 100% used [0x00000000d8400000, 0x00000000d8500000)
AC   0  E CS TS     1 PTAMS 0x00000000d8500000 NTAMS 0x00000000d8500000 space 1024K, 100% used [0x00000000d8500000, 0x00000000d8600000)
AC   0  E CS TS     1 PTAMS 0x00000000d8600000 NTAMS 0x00000000d8600000 space 1024K, 100% used [0x00000000d8600000, 0x00000000d8700000)
AC   0  E CS TS     1 PTAMS 0x00000000d8700000 NTAMS 0x00000000d8700000 space 1024K, 100% used [0x00000000d8700000, 0x00000000d8800000)
AC   0  E CS TS     1 PTAMS 0x00000000d8800000 NTAMS 0x00000000d8800000 space 1024K, 100% used [0x00000000d8800000, 0x00000000d8900000)
AC   0  E CS TS     1 PTAMS 0x00000000d8900000 NTAMS 0x00000000d8900000 space 1024K, 100% used [0x00000000d8900000, 0x00000000d8a00000)
AC   0  E CS TS     1 PTAMS 0x00000000d8a00000 NTAMS 0x00000000d8a00000 space 1024K, 100% used [0x00000000d8a00000, 0x00000000d8b00000)
AC   0  E CS TS     1 PTAMS 0x00000000d8b00000 NTAMS 0x00000000d8b00000 space 1024K, 100% used [0x00000000d8b00000, 0x00000000d8c00000)
AC   0  E CS TS     1 PTAMS 0x00000000d8c00000 NTAMS 0x00000000d8c00000 space 1024K, 100% used [0x00000000d8c00000, 0x00000000d8d00000)
AC   0  E CS TS     1 PTAMS 0x00000000d8d00000 NTAMS 0x00000000d8d00000 space 1024K, 100% used [0x00000000d8d00000, 0x00000000d8e00000)
AC   0  E CS TS     1 PTAMS 0x00000000d8e00000 NTAMS 0x00000000d8e00000 space 1024K, 100% used [0x00000000d8e00000, 0x00000000d8f00000)
AC   0  E CS TS     1 PTAMS 0x00000000d8f00000 NTAMS 0x00000000d8f00000 space 1024K, 100% used [0x00000000d8f00000, 0x00000000d9000000)
AC   0  E CS TS     1 PTAMS 0x00000000d9000000 NTAMS 0x00000000d9000000 space 1024K, 100% used [0x00000000d9000000, 0x00000000d9100000)
AC   0  E CS TS     1 PTAMS 0x00000000d9100000 NTAMS 0x00000000d9100000 space 1024K, 100% used [0x00000000d9100000, 0x00000000d9200000)
AC   0  E CS TS     1 PTAMS 0x00000000d9200000 NTAMS 0x00000000d9200000 space 1024K, 100% used [0x00000000d9200000, 0x00000000d9300000)
AC   0  E CS TS     1 PTAMS 0x00000000d9300000 NTAMS 0x00000000d9300000 space 1024K, 100% used [0x00000000d9300000, 0x00000000d9400000)
AC   0  E CS TS     1 PTAMS 0x00000000d9400000 NTAMS 0x00000000d9400000 space 1024K, 100% used [0x00000000d9400000, 0x00000000d9500000)
AC   0  E CS TS     1 PTAMS 0x00000000d9500000 NTAMS 0x00000000d9500000 space 1024K, 100% used [0x00000000d9500000, 0x00000000d9600000)
AC   0  E CS TS     1 PTAMS 0x00000000d9600000 NTAMS 0x00000000d9600000 space 1024K, 100% used [0x00000000d9600000, 0x00000000d9700000)
AC   0  E CS TS     1 PTAMS 0x00000000d9700000 NTAMS 0x00000000d9700000 space 1024K, 100% used [0x00000000d9700000, 0x00000000d9800000)
AC   0  E CS TS     1 PTAMS 0x00000000d9800000 NTAMS 0x00000000d9800000 space 1024K, 100% used [0x00000000d9800000, 0x00000000d9900000)
AC   0  E CS TS     1 PTAMS 0x00000000d9900000 NTAMS 0x00000000d9900000 space 1024K, 100% used [0x00000000d9900000, 0x00000000d9a00000)
AC   0  E CS TS     1 PTAMS 0x00000000d9a00000 NTAMS 0x00000000d9a00000 space 1024K, 100% used [0x00000000d9a00000, 0x00000000d9b00000)
AC   0  E CS TS     1 PTAMS 0x00000000d9b00000 NTAMS 0x00000000d9b00000 space 1024K, 100% used [0x00000000d9b00000, 0x00000000d9c00000)
AC   0  E CS TS     1 PTAMS 0x00000000d9c00000 NTAMS 0x00000000d9c00000 space 1024K, 100% used [0x00000000d9c00000, 0x00000000d9d00000)
AC   0  E CS TS     1 PTAMS 0x00000000d9d00000 NTAMS 0x00000000d9d00000 space 1024K, 100% used [0x00000000d9d00000, 0x00000000d9e00000)
AC   0  E CS TS     1 PTAMS 0x00000000d9e00000 NTAMS 0x00000000d9e00000 space 1024K, 100% used [0x00000000d9e00000, 0x00000000d9f00000)
AC   0  E CS TS     1 PTAMS 0x00000000d9f00000 NTAMS 0x00000000d9f00000 space 1024K, 100% used [0x00000000d9f00000, 0x00000000da000000)
AC   0  E CS TS     1 PTAMS 0x00000000da000000 NTAMS 0x00000000da000000 space 1024K, 100% used [0x00000000da000000, 0x00000000da100000)
AC   0  E CS TS     1 PTAMS 0x00000000da100000 NTAMS 0x00000000da100000 space 1024K, 100% used [0x00000000da100000, 0x00000000da200000)
AC   0  E CS TS     1 PTAMS 0x00000000da200000 NTAMS 0x00000000da200000 space 1024K, 100% used [0x00000000da200000, 0x00000000da300000)
AC   0  E CS TS     1 PTAMS 0x00000000da300000 NTAMS 0x00000000da300000 space 1024K, 100% used [0x00000000da300000, 0x00000000da400000)
AC   0  E CS TS     1 PTAMS 0x00000000da400000 NTAMS 0x00000000da400000 space 1024K, 100% used [0x00000000da400000, 0x00000000da500000)
AC   0  E CS TS     1 PTAMS 0x00000000da500000 NTAMS 0x00000000da500000 space 1024K, 100% used [0x00000000da500000, 0x00000000da600000)
AC   0  E CS TS     1 PTAMS 0x00000000da600000 NTAMS 0x00000000da600000 space 1024K, 100% used [0x00000000da600000, 0x00000000da700000)
AC   0  E CS TS     1 PTAMS 0x00000000da700000 NTAMS 0x00000000da700000 space 1024K, 100% used [0x00000000da700000, 0x00000000da800000)
AC   0  E CS TS     1 PTAMS 0x00000000da800000 NTAMS 0x00000000da800000 space 1024K, 100% used [0x00000000da800000, 0x00000000da900000)
AC   0  E CS TS     1 PTAMS 0x00000000da900000 NTAMS 0x00000000da900000 space 1024K, 100% used [0x00000000da900000, 0x00000000daa00000)
AC   0  E CS TS     1 PTAMS 0x00000000daa00000 NTAMS 0x00000000daa00000 space 1024K, 100% used [0x00000000daa00000, 0x00000000dab00000)
AC   0  E CS TS     1 PTAMS 0x00000000dab00000 NTAMS 0x00000000dab00000 space 1024K, 100% used [0x00000000dab00000, 0x00000000dac00000)
AC   0  E CS TS     1 PTAMS 0x00000000dac00000 NTAMS 0x00000000dac00000 space 1024K, 100% used [0x00000000dac00000, 0x00000000dad00000)
AC   0  E CS TS     1 PTAMS 0x00000000dad00000 NTAMS 0x00000000dad00000 space 1024K, 100% used [0x00000000dad00000, 0x00000000dae00000)
AC   0  E CS TS     1 PTAMS 0x00000000dae00000 NTAMS 0x00000000dae00000 space 1024K, 100% used [0x00000000dae00000, 0x00000000daf00000)
AC   0  E CS TS     1 PTAMS 0x00000000daf00000 NTAMS 0x00000000daf00000 space 1024K, 100% used [0x00000000daf00000, 0x00000000db000000)
AC   0  E CS TS     1 PTAMS 0x00000000db000000 NTAMS 0x00000000db000000 space 1024K, 100% used [0x00000000db000000, 0x00000000db100000)
AC   0  E CS TS     1 PTAMS 0x00000000db100000 NTAMS 0x00000000db100000 space 1024K, 100% used [0x00000000db100000, 0x00000000db200000)
AC   0  E CS TS     1 PTAMS 0x00000000db200000 NTAMS 0x00000000db200000 space 1024K, 100% used [0x00000000db200000, 0x00000000db300000)
AC   0  E CS TS     1 PTAMS 0x00000000db300000 NTAMS 0x00000000db300000 space 1024K, 100% used [0x00000000db300000, 0x00000000db400000)
AC   0  E CS TS     1 PTAMS 0x00000000db400000 NTAMS 0x00000000db400000 space 1024K, 100% used [0x00000000db400000, 0x00000000db500000)
AC   0  E CS TS     1 PTAMS 0x00000000db500000 NTAMS 0x00000000db500000 space 1024K, 100% used [0x00000000db500000, 0x00000000db600000)
AC   0  E CS TS     1 PTAMS 0x00000000db600000 NTAMS 0x00000000db600000 space 1024K, 100% used [0x00000000db600000, 0x00000000db700000)
AC   0  E CS TS     1 PTAMS 0x00000000db700000 NTAMS 0x00000000db700000 space 1024K, 100% used [0x00000000db700000, 0x00000000db800000)
AC   0  E CS TS     1 PTAMS 0x00000000db800000 NTAMS 0x00000000db800000 space 1024K, 100% used [0x00000000db800000, 0x00000000db900000)
AC   0  E CS TS     1 PTAMS 0x00000000db900000 NTAMS 0x00000000db900000 space 1024K, 100% used [0x00000000db900000, 0x00000000dba00000)
AC   0  E CS TS     1 PTAMS 0x00000000dba00000 NTAMS 0x00000000dba00000 space 1024K, 100% used [0x00000000dba00000, 0x00000000dbb00000)
AC   0  E CS TS     1 PTAMS 0x00000000dbb00000 NTAMS 0x00000000dbb00000 space 1024K, 100% used [0x00000000dbb00000, 0x00000000dbc00000)
AC   0  E CS TS     1 PTAMS 0x00000000dbc00000 NTAMS 0x00000000dbc00000 space 1024K, 100% used [0x00000000dbc00000, 0x00000000dbd00000)
AC   0  E CS TS     1 PTAMS 0x00000000dbd00000 NTAMS 0x00000000dbd00000 space 1024K, 100% used [0x00000000dbd00000, 0x00000000dbe00000)
AC   0  E CS TS     1 PTAMS 0x00000000dbe00000 NTAMS 0x00000000dbe00000 space 1024K, 100% used [0x00000000dbe00000, 0x00000000dbf00000)
AC   0  E CS TS     1 PTAMS 0x00000000dbf00000 NTAMS 0x00000000dbf00000 space 1024K, 100% used [0x00000000dbf00000, 0x00000000dc000000)
AC   0  E CS TS     1 PTAMS 0x00000000dc000000 NTAMS 0x00000000dc000000 space 1024K, 100% used [0x00000000dc000000, 0x00000000dc100000)
AC   0  E CS TS     1 PTAMS 0x00000000dc100000 NTAMS 0x00000000dc100000 space 1024K, 100% used [0x00000000dc100000, 0x00000000dc200000)
AC   0  E CS TS     1 PTAMS 0x00000000dc200000 NTAMS 0x00000000dc200000 space 1024K, 100% used [0x00000000dc200000, 0x00000000dc300000)
AC   0  E CS TS     1 PTAMS 0x00000000dc300000 NTAMS 0x00000000dc300000 space 1024K, 100% used [0x00000000dc300000, 0x00000000dc400000)
AC   0  E CS TS     1 PTAMS 0x00000000dc400000 NTAMS 0x00000000dc400000 space 1024K, 100% used [0x00000000dc400000, 0x00000000dc500000)
AC   0  E CS TS     1 PTAMS 0x00000000dc500000 NTAMS 0x00000000dc500000 space 1024K, 100% used [0x00000000dc500000, 0x00000000dc600000)
AC   0  E CS TS     1 PTAMS 0x00000000dc600000 NTAMS 0x00000000dc600000 space 1024K, 100% used [0x00000000dc600000, 0x00000000dc700000)
AC   0  E CS TS     1 PTAMS 0x00000000dc700000 NTAMS 0x00000000dc700000 space 1024K, 100% used [0x00000000dc700000, 0x00000000dc800000)
AC   0  E CS TS     1 PTAMS 0x00000000dc800000 NTAMS 0x00000000dc800000 space 1024K, 100% used [0x00000000dc800000, 0x00000000dc900000)
AC   0  E CS TS     1 PTAMS 0x00000000dc900000 NTAMS 0x00000000dc900000 space 1024K, 100% used [0x00000000dc900000, 0x00000000dca00000)
AC   0  E CS TS     1 PTAMS 0x00000000dca00000 NTAMS 0x00000000dca00000 space 1024K, 100% used [0x00000000dca00000, 0x00000000dcb00000)
AC   0  E CS TS     1 PTAMS 0x00000000dcb00000 NTAMS 0x00000000dcb00000 space 1024K, 100% used [0x00000000dcb00000, 0x00000000dcc00000)
AC   0  E CS TS     1 PTAMS 0x00000000dcc00000 NTAMS 0x00000000dcc00000 space 1024K, 100% used [0x00000000dcc00000, 0x00000000dcd00000)
AC   0  E CS TS     1 PTAMS 0x00000000dcd00000 NTAMS 0x00000000dcd00000 space 1024K, 100% used [0x00000000dcd00000, 0x00000000dce00000)
AC   0  E CS TS     1 PTAMS 0x00000000dce00000 NTAMS 0x00000000dce00000 space 1024K, 100% used [0x00000000dce00000, 0x00000000dcf00000)
AC   0  E CS TS     1 PTAMS 0x00000000dcf00000 NTAMS 0x00000000dcf00000 space 1024K, 100% used [0x00000000dcf00000, 0x00000000dd000000)
AC   0  E CS TS     1 PTAMS 0x00000000dd000000 NTAMS 0x00000000dd000000 space 1024K, 100% used [0x00000000dd000000, 0x00000000dd100000)
AC   0  E CS TS     1 PTAMS 0x00000000dd100000 NTAMS 0x00000000dd100000 space 1024K, 100% used [0x00000000dd100000, 0x00000000dd200000)
AC   0  E CS TS     1 PTAMS 0x00000000dd200000 NTAMS 0x00000000dd200000 space 1024K, 100% used [0x00000000dd200000, 0x00000000dd300000)
AC   0  E CS TS     1 PTAMS 0x00000000dd300000 NTAMS 0x00000000dd300000 space 1024K, 100% used [0x00000000dd300000, 0x00000000dd400000)
AC   0  E CS TS     1 PTAMS 0x00000000dd400000 NTAMS 0x00000000dd400000 space 1024K, 100% used [0x00000000dd400000, 0x00000000dd500000)
AC   0  E CS TS     1 PTAMS 0x00000000dd500000 NTAMS 0x00000000dd500000 space 1024K, 100% used [0x00000000dd500000, 0x00000000dd600000)
AC   0  E CS TS     1 PTAMS 0x00000000dd600000 NTAMS 0x00000000dd600000 space 1024K, 100% used [0x00000000dd600000, 0x00000000dd700000)
AC   0  E CS TS     1 PTAMS 0x00000000dd700000 NTAMS 0x00000000dd700000 space 1024K, 100% used [0x00000000dd700000, 0x00000000dd800000)
AC   0  E CS TS     1 PTAMS 0x00000000dd800000 NTAMS 0x00000000dd800000 space 1024K, 100% used [0x00000000dd800000, 0x00000000dd900000)
AC   0  E CS TS     1 PTAMS 0x00000000dd900000 NTAMS 0x00000000dd900000 space 1024K, 100% used [0x00000000dd900000, 0x00000000dda00000)
AC   0  E CS TS     1 PTAMS 0x00000000dda00000 NTAMS 0x00000000dda00000 space 1024K, 100% used [0x00000000dda00000, 0x00000000ddb00000)
AC   0  E CS TS     1 PTAMS 0x00000000ddb00000 NTAMS 0x00000000ddb00000 space 1024K, 100% used [0x00000000ddb00000, 0x00000000ddc00000)
AC   0  E CS TS     1 PTAMS 0x00000000ddc00000 NTAMS 0x00000000ddc00000 space 1024K, 100% used [0x00000000ddc00000, 0x00000000ddd00000)
AC   0  E CS TS     1 PTAMS 0x00000000ddd00000 NTAMS 0x00000000ddd00000 space 1024K, 100% used [0x00000000ddd00000, 0x00000000dde00000)
AC   0  E CS TS     1 PTAMS 0x00000000dde00000 NTAMS 0x00000000dde00000 space 1024K, 100% used [0x00000000dde00000, 0x00000000ddf00000)
AC   0  E CS TS     1 PTAMS 0x00000000ddf00000 NTAMS 0x00000000ddf00000 space 1024K, 100% used [0x00000000ddf00000, 0x00000000de000000)
AC   0  E CS TS     1 PTAMS 0x00000000de000000 NTAMS 0x00000000de000000 space 1024K, 100% used [0x00000000de000000, 0x00000000de100000)
AC   0  E CS TS     1 PTAMS 0x00000000de100000 NTAMS 0x00000000de100000 space 1024K, 100% used [0x00000000de100000, 0x00000000de200000)
AC   0  E CS TS     1 PTAMS 0x00000000de200000 NTAMS 0x00000000de200000 space 1024K, 100% used [0x00000000de200000, 0x00000000de300000)
AC   0  E CS TS     1 PTAMS 0x00000000de300000 NTAMS 0x00000000de300000 space 1024K, 100% used [0x00000000de300000, 0x00000000de400000)
AC   0  E CS TS     1 PTAMS 0x00000000de400000 NTAMS 0x00000000de400000 space 1024K, 100% used [0x00000000de400000, 0x00000000de500000)
AC   0  E CS TS     1 PTAMS 0x00000000de500000 NTAMS 0x00000000de500000 space 1024K, 100% used [0x00000000de500000, 0x00000000de600000)
AC   0  E CS TS     1 PTAMS 0x00000000de600000 NTAMS 0x00000000de600000 space 1024K, 100% used [0x00000000de600000, 0x00000000de700000)
AC   0  E CS TS     1 PTAMS 0x00000000de700000 NTAMS 0x00000000de700000 space 1024K, 100% used [0x00000000de700000, 0x00000000de800000)
AC   0  E CS TS     1 PTAMS 0x00000000de800000 NTAMS 0x00000000de800000 space 1024K, 100% used [0x00000000de800000, 0x00000000de900000)
AC   0  E CS TS     1 PTAMS 0x00000000de900000 NTAMS 0x00000000de900000 space 1024K, 100% used [0x00000000de900000, 0x00000000dea00000)
AC   0  E CS TS     1 PTAMS 0x00000000dea00000 NTAMS 0x00000000dea00000 space 1024K, 100% used [0x00000000dea00000, 0x00000000deb00000)

Card table byte_map: [0x0000000013840000,0x0000000013a40000] byte_map_base: 0x0000000013240000

Marking Bits (Prev, Next): (CMBitMap*) 0x0000000003269e10, (CMBitMap*) 0x0000000003269db8
 Prev Bits: [0x0000000014c40000, 0x0000000015c40000)
 Next Bits: [0x0000000013c40000, 0x0000000014c40000)

Polling page: 0x0000000002f10000

CodeCache: size=245760Kb used=18723Kb max_used=18964Kb free=227036Kb
 bounds [0x0000000003330000, 0x00000000045d0000, 0x0000000012330000]
 total_blobs=5728 nmethods=5142 adapters=495
 compilation: enabled

Compilation events (10 events):
Event: 55.101 Thread 0x0000000018ecb800 nmethod 6259 0x00000000035987d0 code [0x0000000003598920, 0x0000000003598a70]
Event: 55.101 Thread 0x0000000018ec9800 6262       4       org.eclipse.jdt.internal.compiler.parser.ScannerHelper::isJavaIdentifierStart (28 bytes)
Event: 55.102 Thread 0x0000000018ec9800 nmethod 6262 0x0000000003985890 code [0x00000000039859c0, 0x0000000003985a58]
Event: 55.107 Thread 0x0000000018ecb800 6263       1       org.eclipse.jdt.internal.compiler.ast.ConstructorDeclaration::typeParameters (5 bytes)
Event: 55.107 Thread 0x0000000018ecb800 nmethod 6263 0x0000000003985510 code [0x0000000003985660, 0x0000000003985770]
Event: 55.110 Thread 0x0000000018ecb800 6264       3       java.util.Arrays::binarySearch0 (95 bytes)
Event: 55.111 Thread 0x0000000018ecb800 nmethod 6264 0x00000000034504d0 code [0x0000000003450660, 0x0000000003450a98]
Event: 55.112 Thread 0x0000000018ecb800 6265       3       org.eclipse.core.internal.watson.ElementTree::isImmutable (8 bytes)
Event: 55.112 Thread 0x0000000018ecb800 nmethod 6265 0x00000000036b8910 code [0x00000000036b8a60, 0x00000000036b8c50]
Event: 55.118 Thread 0x0000000018ecb800 6266       3       sun.nio.fs.WindowsFileSystemProvider::getFileAttributeView (118 bytes)

GC Heap History (10 events):
Event: 19.045 GC heap before
{Heap before GC invocations=45 (full 0):
 garbage-first heap   total 194560K, used 161472K [0x00000000c0000000, 0x00000000c01005f0, 0x0000000100000000)
  region size 1024K, 33 young (33792K), 4 survivors (4096K)
 Metaspace       used 47361K, capacity 50276K, committed 50508K, reserved 1093632K
  class space    used 5057K, capacity 5931K, committed 5964K, reserved 1048576K
Event: 19.063 GC heap after
Heap after GC invocations=46 (full 0):
 garbage-first heap   total 194560K, used 137408K [0x00000000c0000000, 0x00000000c01005f0, 0x0000000100000000)
  region size 1024K, 5 young (5120K), 5 survivors (5120K)
 Metaspace       used 47361K, capacity 50276K, committed 50508K, reserved 1093632K
  class space    used 5057K, capacity 5931K, committed 5964K, reserved 1048576K
}
Event: 19.173 GC heap before
{Heap before GC invocations=46 (full 0):
 garbage-first heap   total 194560K, used 164032K [0x00000000c0000000, 0x00000000c01005f0, 0x0000000100000000)
  region size 1024K, 31 young (31744K), 5 survivors (5120K)
 Metaspace       used 47361K, capacity 50276K, committed 50508K, reserved 1093632K
  class space    used 5057K, capacity 5931K, committed 5964K, reserved 1048576K
Event: 19.192 GC heap after
Heap after GC invocations=47 (full 0):
 garbage-first heap   total 194560K, used 141504K [0x00000000c0000000, 0x00000000c01005f0, 0x0000000100000000)
  region size 1024K, 4 young (4096K), 4 survivors (4096K)
 Metaspace       used 47361K, capacity 50276K, committed 50508K, reserved 1093632K
  class space    used 5057K, capacity 5931K, committed 5964K, reserved 1048576K
}
Event: 19.426 GC heap before
{Heap before GC invocations=47 (full 0):
 garbage-first heap   total 194560K, used 170560K [0x00000000c0000000, 0x00000000c01005f0, 0x0000000100000000)
  region size 1024K, 29 young (29696K), 4 survivors (4096K)
 Metaspace       used 47361K, capacity 50276K, committed 50508K, reserved 1093632K
  class space    used 5057K, capacity 5931K, committed 5964K, reserved 1048576K
Event: 19.458 GC heap after
Heap after GC invocations=48 (full 0):
 garbage-first heap   total 365568K, used 149568K [0x00000000c0000000, 0x00000000c0100b28, 0x0000000100000000)
  region size 1024K, 4 young (4096K), 4 survivors (4096K)
 Metaspace       used 47361K, capacity 50276K, committed 50508K, reserved 1093632K
  class space    used 5057K, capacity 5931K, committed 5964K, reserved 1048576K
}
Event: 21.853 GC heap before
{Heap before GC invocations=49 (full 0):
 garbage-first heap   total 365568K, used 288864K [0x00000000c0000000, 0x00000000c0100b28, 0x0000000100000000)
  region size 1024K, 135 young (138240K), 4 survivors (4096K)
 Metaspace       used 47378K, capacity 50340K, committed 50508K, reserved 1093632K
  class space    used 5057K, capacity 5931K, committed 5964K, reserved 1048576K
Event: 21.920 GC heap after
Heap after GC invocations=50 (full 0):
 garbage-first heap   total 502784K, used 168482K [0x00000000c0000000, 0x00000000c0100f58, 0x0000000100000000)
  region size 1024K, 17 young (17408K), 17 survivors (17408K)
 Metaspace       used 47378K, capacity 50340K, committed 50508K, reserved 1093632K
  class space    used 5057K, capacity 5931K, committed 5964K, reserved 1048576K
}
Event: 24.129 GC heap before
{Heap before GC invocations=50 (full 0):
 garbage-first heap   total 502784K, used 394626K [0x00000000c0000000, 0x00000000c0100f58, 0x0000000100000000)
  region size 1024K, 237 young (242688K), 17 survivors (17408K)
 Metaspace       used 47384K, capacity 50340K, committed 50508K, reserved 1093632K
  class space    used 5057K, capacity 5931K, committed 5964K, reserved 1048576K
Event: 24.200 GC heap after
Heap after GC invocations=51 (full 0):
 garbage-first heap   total 502784K, used 197288K [0x00000000c0000000, 0x00000000c0100f58, 0x0000000100000000)
  region size 1024K, 30 young (30720K), 30 survivors (30720K)
 Metaspace       used 47384K, capacity 50340K, committed 50508K, reserved 1093632K
  class space    used 5057K, capacity 5931K, committed 5964K, reserved 1048576K
}

Deoptimization events (10 events):
Event: 32.245 Thread 0x000000001b216800 Uncommon trap: reason=null_check action=make_not_entrant pc=0x00000000043dd6bc method=org.eclipse.jdt.internal.core.index.DiskIndex.computeDocumentNames([Ljava/lang/String;[ILorg/eclipse/jdt/internal/compiler/util/SimpleLookupTable;Lorg/eclipse/jdt/intern
Event: 32.305 Thread 0x000000001b12e800 Uncommon trap: reason=predicate action=maybe_recompile pc=0x000000000414d45c method=org.eclipse.jdt.internal.compiler.util.Util.getInputStreamAsByteArray(Ljava/io/InputStream;I)[B @ 14
Event: 32.306 Thread 0x000000001b12e800 Uncommon trap: reason=unstable_if action=reinterpret pc=0x0000000003fe2f24 method=org.eclipse.jdt.internal.compiler.classfmt.JavaBinaryNames.isClinit([C)Z @ 12
Event: 32.774 Thread 0x000000001b216800 Uncommon trap: reason=unstable_if action=reinterpret pc=0x00000000043e36e0 method=org.eclipse.jdt.internal.core.index.Index.containerRelativePath(Ljava/lang/String;)Ljava/lang/String; @ 9
Event: 34.198 Thread 0x000000001d513000 Uncommon trap: reason=unstable_if action=reinterpret pc=0x000000000451a75c method=org.eclipse.core.runtime.Path.initialize(Ljava/lang/String;Ljava/lang/String;Z)Lorg/eclipse/core/runtime/IPath; @ 119
Event: 34.198 Thread 0x000000001d513000 Uncommon trap: reason=unstable_if action=reinterpret pc=0x0000000003866ed8 method=org.eclipse.core.runtime.Path.computeLength()I @ 90
Event: 34.216 Thread 0x000000001d513000 Uncommon trap: reason=unstable_if action=reinterpret pc=0x00000000037424c4 method=org.eclipse.jdt.internal.core.util.Util.equalArraysOrNull([Ljava/lang/Object;[Ljava/lang/Object;)Z @ 23
Event: 45.777 Thread 0x000000001910f800 Uncommon trap: reason=class_check action=maybe_recompile pc=0x00000000043ce42c method=org.eclipse.core.internal.dtree.DeltaDataTree.lookup(Lorg/eclipse/core/runtime/IPath;)Lorg/eclipse/core/internal/dtree/DataTreeLookup; @ 125
Event: 45.777 Thread 0x000000001910f800 Uncommon trap: reason=class_check action=maybe_recompile pc=0x00000000043ce42c method=org.eclipse.core.internal.dtree.DeltaDataTree.lookup(Lorg/eclipse/core/runtime/IPath;)Lorg/eclipse/core/internal/dtree/DataTreeLookup; @ 125
Event: 45.978 Thread 0x000000001b216800 Uncommon trap: reason=unstable_if action=reinterpret pc=0x00000000040556fc method=org.eclipse.jdt.internal.core.index.Index.containerRelativePath(Ljava/lang/String;)Ljava/lang/String; @ 9

Classes redefined (0 events):
No events

Internal exceptions (10 events):
Event: 32.186 Thread 0x000000001910f800 Exception <a 'java/lang/ArrayIndexOutOfBoundsException'> (0x00000000d812c800) thrown at [C:\re\workspace\8-2-build-windows-amd64-cygwin\jdk8u221\13320\hotspot\src\share\vm\runtime\sharedRuntime.cpp, line 605]
Event: 32.203 Thread 0x000000001910f800 Exception <a 'java/lang/ArrayIndexOutOfBoundsException'> (0x00000000d817ccd8) thrown at [C:\re\workspace\8-2-build-windows-amd64-cygwin\jdk8u221\13320\hotspot\src\share\vm\runtime\sharedRuntime.cpp, line 605]
Event: 32.216 Thread 0x000000001b12e800 Implicit null exception at 0x0000000003450718 to 0x0000000003450891
Event: 32.237 Thread 0x000000001b12e800 Exception <a 'java/lang/ArrayIndexOutOfBoundsException'> (0x00000000d804c260) thrown at [C:\re\workspace\8-2-build-windows-amd64-cygwin\jdk8u221\13320\hotspot\src\share\vm\runtime\sharedRuntime.cpp, line 605]
Event: 32.245 Thread 0x000000001b216800 Implicit null exception at 0x00000000043dbbc7 to 0x00000000043dd66d
Event: 45.418 Thread 0x000000001910f800 Exception <a 'sun/nio/fs/WindowsException'> (0x00000000d78d9a10) thrown at [C:\re\workspace\8-2-build-windows-amd64-cygwin\jdk8u221\13320\hotspot\src\share\vm\prims\jni.cpp, line 710]
Event: 45.430 Thread 0x000000001910f800 Exception <a 'sun/nio/fs/WindowsException'> (0x00000000d78f5970) thrown at [C:\re\workspace\8-2-build-windows-amd64-cygwin\jdk8u221\13320\hotspot\src\share\vm\prims\jni.cpp, line 710]
Event: 54.373 Thread 0x000000001d513000 Exception <a 'java/lang/ArrayIndexOutOfBoundsException'> (0x00000000d7cd1700) thrown at [C:\re\workspace\8-2-build-windows-amd64-cygwin\jdk8u221\13320\hotspot\src\share\vm\runtime\sharedRuntime.cpp, line 605]
Event: 54.373 Thread 0x000000001d513000 Exception <a 'java/lang/ArrayIndexOutOfBoundsException'> (0x00000000d7cd1938) thrown at [C:\re\workspace\8-2-build-windows-amd64-cygwin\jdk8u221\13320\hotspot\src\share\vm\runtime\sharedRuntime.cpp, line 605]
Event: 55.114 Thread 0x000000001b101000 Exception <a 'sun/nio/fs/WindowsException'> (0x00000000d6aef430) thrown at [C:\re\workspace\8-2-build-windows-amd64-cygwin\jdk8u221\13320\hotspot\src\share\vm\prims\jni.cpp, line 710]

Events (10 events):
Event: 55.108 Executing VM operation: RevokeBias done
Event: 55.108 Executing VM operation: RevokeBias
Event: 55.108 Executing VM operation: RevokeBias done
Event: 55.111 Executing VM operation: RevokeBias
Event: 55.111 Executing VM operation: RevokeBias done
Event: 55.111 Thread 0x000000001d50e800 Thread exited: 0x000000001d50e800
Event: 55.112 Executing VM operation: RevokeBias
Event: 55.112 Executing VM operation: RevokeBias done
Event: 55.118 Executing VM operation: RevokeBias
Event: 55.118 Executing VM operation: RevokeBias done


Dynamic libraries:
0x00007ff784190000 - 0x00007ff7841c7000 	C:\Program Files\Java\jdk1.8.0_221\bin\java.exe
0x00007ff8011c0000 - 0x00007ff8013b0000 	C:\WINDOWS\SYSTEM32\ntdll.dll
0x00007ff800450000 - 0x00007ff800502000 	C:\WINDOWS\System32\KERNEL32.DLL
0x00007ffffe3e0000 - 0x00007ffffe683000 	C:\WINDOWS\System32\KERNELBASE.dll
0x00007fffff250000 - 0x00007fffff2f3000 	C:\WINDOWS\System32\ADVAPI32.dll
0x00007ff800520000 - 0x00007ff8005be000 	C:\WINDOWS\System32\msvcrt.dll
0x00007ff8005c0000 - 0x00007ff800657000 	C:\WINDOWS\System32\sechost.dll
0x00007fffff7b0000 - 0x00007fffff8d0000 	C:\WINDOWS\System32\RPCRT4.dll
0x00007fffff300000 - 0x00007fffff493000 	C:\WINDOWS\System32\USER32.dll
0x00007ffffe230000 - 0x00007ffffe251000 	C:\WINDOWS\System32\win32u.dll
0x00007fffff930000 - 0x00007fffff956000 	C:\WINDOWS\System32\GDI32.dll
0x00007ffffee90000 - 0x00007fffff024000 	C:\WINDOWS\System32\gdi32full.dll
0x00007fffff1b0000 - 0x00007fffff24e000 	C:\WINDOWS\System32\msvcp_win.dll
0x00007ffffe260000 - 0x00007ffffe35a000 	C:\WINDOWS\System32\ucrtbase.dll
0x00007ffff1960000 - 0x00007ffff1be5000 	C:\WINDOWS\WinSxS\amd64_microsoft.windows.common-controls_6595b64144ccf1df_6.0.18362.356_none_e6c4af7d130f27cc\COMCTL32.dll
0x00007ff800110000 - 0x00007ff800446000 	C:\WINDOWS\System32\combase.dll
0x00007ffffe360000 - 0x00007ffffe3e0000 	C:\WINDOWS\System32\bcryptPrimitives.dll
0x00007fffff5d0000 - 0x00007fffff5fe000 	C:\WINDOWS\System32\IMM32.DLL
0x0000000074320000 - 0x00000000743f2000 	C:\Program Files\Java\jdk1.8.0_221\jre\bin\msvcr100.dll
0x00000000731b0000 - 0x0000000073a55000 	C:\Program Files\Java\jdk1.8.0_221\jre\bin\server\jvm.dll
0x00007ff800510000 - 0x00007ff800518000 	C:\WINDOWS\System32\PSAPI.DLL
0x00007ffffcbe0000 - 0x00007ffffcbe9000 	C:\WINDOWS\SYSTEM32\WSOCK32.dll
0x00007ff800660000 - 0x00007ff8006cf000 	C:\WINDOWS\System32\WS2_32.dll
0x00007ffffaa40000 - 0x00007ffffaa64000 	C:\WINDOWS\SYSTEM32\WINMM.dll
0x00007ffff3d50000 - 0x00007ffff3d5a000 	C:\WINDOWS\SYSTEM32\VERSION.dll
0x00007ffffaa10000 - 0x00007ffffaa3d000 	C:\WINDOWS\SYSTEM32\WINMMBASE.dll
0x00007ffffe130000 - 0x00007ffffe17a000 	C:\WINDOWS\System32\cfgmgr32.dll
0x00007ffff6e50000 - 0x00007ffff6e5f000 	C:\Program Files\Java\jdk1.8.0_221\jre\bin\verify.dll
0x00007fffd1db0000 - 0x00007fffd1dd9000 	C:\Program Files\Java\jdk1.8.0_221\jre\bin\java.dll
0x00007fffdfec0000 - 0x00007fffdfed6000 	C:\Program Files\Java\jdk1.8.0_221\jre\bin\zip.dll
0x00007ff800a90000 - 0x00007ff801175000 	C:\WINDOWS\System32\SHELL32.dll
0x00007ff8008a0000 - 0x00007ff800949000 	C:\WINDOWS\System32\shcore.dll
0x00007ffffe710000 - 0x00007ffffee8e000 	C:\WINDOWS\System32\windows.storage.dll
0x00007ffffe0f0000 - 0x00007ffffe10f000 	C:\WINDOWS\System32\profapi.dll
0x00007ffffe0a0000 - 0x00007ffffe0ea000 	C:\WINDOWS\System32\powrprof.dll
0x00007ff800000000 - 0x00007ff800010000 	C:\WINDOWS\System32\UMPDC.dll
0x00007ff800840000 - 0x00007ff800892000 	C:\WINDOWS\System32\shlwapi.dll
0x00007ffffe080000 - 0x00007ffffe091000 	C:\WINDOWS\System32\kernel.appcore.dll
0x00007ffffe6f0000 - 0x00007ffffe707000 	C:\WINDOWS\System32\cryptsp.dll
0x00007fffdc230000 - 0x00007fffdc24a000 	C:\Program Files\Java\jdk1.8.0_221\jre\bin\net.dll
0x00007ffff2e70000 - 0x00007ffff3046000 	C:\WINDOWS\SYSTEM32\urlmon.dll
0x00007ffff2bc0000 - 0x00007ffff2e66000 	C:\WINDOWS\SYSTEM32\iertutil.dll
0x00007ffffdac0000 - 0x00007ffffdacc000 	C:\WINDOWS\SYSTEM32\CRYPTBASE.DLL
0x00007ffffd8f0000 - 0x00007ffffd957000 	C:\WINDOWS\system32\mswsock.dll
0x00007fffdb060000 - 0x00007fffdb072000 	C:\Program Files\Java\jdk1.8.0_221\jre\bin\nio.dll
0x00007ffffd460000 - 0x00007ffffd493000 	C:\WINDOWS\system32\rsaenh.dll
0x00007fffff030000 - 0x00007fffff056000 	C:\WINDOWS\System32\bcrypt.dll
0x00007ffffdf70000 - 0x00007ffffdf95000 	C:\WINDOWS\SYSTEM32\USERENV.dll
0x00007ffffd600000 - 0x00007ffffd63a000 	C:\WINDOWS\SYSTEM32\IPHLPAPI.DLL
0x00007ff800830000 - 0x00007ff800838000 	C:\WINDOWS\System32\NSI.dll
0x00007ffff3370000 - 0x00007ffff3386000 	C:\WINDOWS\SYSTEM32\dhcpcsvc6.DLL
0x00007ffff3680000 - 0x00007ffff369c000 	C:\WINDOWS\SYSTEM32\dhcpcsvc.DLL
0x00007ffffd640000 - 0x00007ffffd70a000 	C:\WINDOWS\SYSTEM32\DNSAPI.dll
0x00007fffd17d0000 - 0x00007fffd17f9000 	C:\Users\Madusha\.vscode\extensions\redhat.java-0.57.0\server\config_win\org.eclipse.equinox.launcher\org.eclipse.equinox.launcher.win32.win32.x86_64_1.1.1100.v20190907-0426\eclipse_1902.dll
0x00007fffd2470000 - 0x00007fffd2481000 	C:\Users\Madusha\.vscode\extensions\redhat.java-0.57.0\server\config_win\org.eclipse.osgi\20\0\.cp\jWinHttp-1.0.0.dll
0x00007ff8006d0000 - 0x00007ff800826000 	C:\WINDOWS\System32\ole32.dll
0x00007ffff8550000 - 0x00007ffff8640000 	C:\WINDOWS\SYSTEM32\WINHTTP.dll
0x00007fffd1d80000 - 0x00007fffd1da4000 	C:\Program Files\Java\jdk1.8.0_221\jre\bin\sunec.dll
0x00007ffffc960000 - 0x00007ffffcb54000 	C:\WINDOWS\SYSTEM32\dbghelp.dll

VM Arguments:
jvm_args: -Declipse.application=org.eclipse.jdt.ls.core.id1 -Dosgi.bundles.defaultStartLevel=4 -Declipse.product=org.eclipse.jdt.ls.core.product -Dfile.encoding=utf8 -DwatchParentProcess=false -Xmx1G -XX:+UseG1GC -XX:+UseStringDeduplication -Xverify:none 
java_command: c:\Users\Madusha\.vscode\extensions\redhat.java-0.57.0\server\plugins\org.eclipse.equinox.launcher_1.5.700.v20200207-2156.jar -configuration c:\Users\Madusha\.vscode\extensions\redhat.java-0.57.0\server\config_win -data c:\Users\Madusha\AppData\Roaming\Code\User\workspaceStorage\d2cc9ed2200ba79599bd35efc58cfef3\redhat.java\jdt_ws
java_class_path (initial): c:\Users\Madusha\.vscode\extensions\redhat.java-0.57.0\server\plugins\org.eclipse.equinox.launcher_1.5.700.v20200207-2156.jar
Launcher Type: SUN_STANDARD

Environment Variables:
JAVA_HOME=C:\Program Files\Java\jdk1.8.0_221
CLASSPATH=.;
PATH=C:\Program Files (x86)\Python38-32\Scripts\;C:\Program Files (x86)\Python38-32\;C:\Python27\;C:\Python27\Scripts;C:\Program Files (x86)\Common Files\Oracle\Java\javapath;C:\ProgramData\Oracle\Java\javapath;C:\WINDOWS\system32;C:\WINDOWS;C:\WINDOWS\System32\Wbem;C:\WINDOWS\System32\WindowsPowerShell\v1.0\;C:\WINDOWS\System32\OpenSSH\;C:\Program Files\MATLAB\R2014a\runtime\win64;C:\Program Files\MATLAB\R2014a\bin;C:\Program Files\MATLAB\R2014a\polyspace\bin;C:\ProgramData\chocolatey\bin;C:\Program Files\Java\jdk1.8.0_221\bin;C:\Program Files\nodejs\;C:\Program Files (x86)\Yarn\bin\;c:\Users\Madusha\AppData\Local\Android\Sdk\platform-tools;C:\Program Files\MiKTeX 2.9\miktex\bin\x64\;C:\Program Files\Git\cmd;C:\Program Files\PuTTY\;C:\Program Files\MySQL\MySQL Shell 8.0\bin\;C:\Users\Madusha\AppData\Local\Microsoft\WindowsApps;;C:\Users\Madusha\AppData\Local\Programs\Microsoft VS Code\bin;C:\Users\Madusha\AppData\Roaming\npm;C:\Users\Madusha\AppData\Local\Yarn\bin
USERNAME=Madusha
OS=Windows_NT
PROCESSOR_IDENTIFIER=Intel64 Family 6 Model 78 Stepping 3, GenuineIntel



---------------  S Y S T E M  ---------------

OS: Windows 10.0 , 64 bit Build 18362 (10.0.18362.329)

CPU:total 4 (initial active 4) (2 cores per cpu, 2 threads per core) family 6 model 78 stepping 3, cmov, cx8, fxsr, mmx, sse, sse2, sse3, ssse3, sse4.1, sse4.2, popcnt, avx, avx2, aes, clmul, erms, 3dnowpref, lzcnt, ht, tsc, tscinvbit, bmi1, bmi2, adx

Memory: 4k page, physical 8281960k(3527456k free), swap 12476264k(7011940k free)

vm_info: Java HotSpot(TM) 64-Bit Server VM (25.221-b11) for windows-amd64 JRE (1.8.0_221-b11), built on Jul  4 2019 04:39:29 by "java_re" with MS VC++ 10.0 (VS2010)

time: Sat Feb 22 18:50:20 2020
timezone: Sri Lanka Standard Time
elapsed time: 55 seconds (0d 0h 0m 55s)

